[
  "@generated",
  {
    "key": {
      "entity": {
        "java": {
          "decl": {
            "method": {
              "key": {
                "name": {
                  "key": {
                    "name": {
                      "key": {
                        "name": { "key": "getNumSides" },
                        "context": {
                          "key": {
                            "base": { "key": "Rectangle" },
                            "container": {
                              "key": {
                                "base": { "key": "inheritance" },
                                "container": {
                                  "key": {
                                    "base": { "key": "glean" },
                                    "container": {
                                      "key": {
                                        "base": { "key": "facebook" },
                                        "container": {
                                          "key": { "base": { "key": "com" } }
                                        }
                                      }
                                    }
                                  }
                                }
                              }
                            }
                          }
                        }
                      }
                    },
                    "signature": [ ]
                  }
                },
                "parameters": [ ],
                "returnType": {
                  "key": {
                    "baseType": { "primitive": { "key": { "type": "int" } } },
                    "typeArgs": [ ],
                    "interopType": { "key": { "primitive": "I" } },
                    "span": { "start": 0, "length": 0 }
                  }
                },
                "annotations": [
                  {
                    "key": {
                      "name": {
                        "key": {
                          "name": { "key": "Override" },
                          "context": {
                            "key": {
                              "base": { "key": "lang" },
                              "container": {
                                "key": { "base": { "key": "java" } }
                              }
                            }
                          }
                        }
                      },
                      "constructor": {
                        "key": {
                          "name": {
                            "key": {
                              "name": { "key": "Override" },
                              "context": {
                                "key": {
                                  "base": { "key": "lang" },
                                  "container": {
                                    "key": { "base": { "key": "java" } }
                                  }
                                }
                              }
                            }
                          },
                          "signature": [ ]
                        }
                      },
                      "span": { "start": 369, "length": 9 }
                    }
                  }
                ],
                "modifiers": [ 6 ],
                "typeParams": [ ],
                "throws_": [ ],
                "container": {
                  "class_": {
                    "key": {
                      "name": {
                        "key": {
                          "name": { "key": "Rectangle" },
                          "context": {
                            "key": {
                              "base": { "key": "inheritance" },
                              "container": {
                                "key": {
                                  "base": { "key": "glean" },
                                  "container": {
                                    "key": {
                                      "base": { "key": "facebook" },
                                      "container": {
                                        "key": { "base": { "key": "com" } }
                                      }
                                    }
                                  }
                                }
                              }
                            }
                          }
                        }
                      },
                      "modifiers": [ 6 ],
                      "extends_": {
                        "key": {
                          "baseType": {
                            "object": {
                              "key": {
                                "type": {
                                  "key": {
                                    "name": { "key": "Drawable" },
                                    "context": {
                                      "key": {
                                        "base": { "key": "inheritance" },
                                        "container": {
                                          "key": {
                                            "base": { "key": "glean" },
                                            "container": {
                                              "key": {
                                                "base": { "key": "facebook" },
                                                "container": {
                                                  "key": {
                                                    "base": { "key": "com" }
                                                  }
                                                }
                                              }
                                            }
                                          }
                                        }
                                      }
                                    }
                                  }
                                },
                                "span": { "start": 147, "length": 8 }
                              }
                            }
                          },
                          "typeArgs": [ ],
                          "interopType": {
                            "key": {
                              "object": {
                                "key": {
                                  "base": { "key": "Drawable" },
                                  "container": {
                                    "key": {
                                      "base": { "key": "inheritance" },
                                      "container": {
                                        "key": {
                                          "base": { "key": "glean" },
                                          "container": {
                                            "key": {
                                              "base": { "key": "facebook" },
                                              "container": {
                                                "key": {
                                                  "base": { "key": "com" }
                                                }
                                              }
                                            }
                                          }
                                        }
                                      }
                                    }
                                  }
                                }
                              }
                            }
                          },
                          "span": { "start": 0, "length": 0 }
                        }
                      },
                      "implements_": [
                        {
                          "key": {
                            "baseType": {
                              "object": {
                                "key": {
                                  "type": {
                                    "key": {
                                      "name": { "key": "IPolygon" },
                                      "context": {
                                        "key": {
                                          "base": { "key": "inheritance" },
                                          "container": {
                                            "key": {
                                              "base": { "key": "glean" },
                                              "container": {
                                                "key": {
                                                  "base": { "key": "facebook" },
                                                  "container": {
                                                    "key": {
                                                      "base": { "key": "com" }
                                                    }
                                                  }
                                                }
                                              }
                                            }
                                          }
                                        }
                                      }
                                    }
                                  },
                                  "span": { "start": 167, "length": 8 }
                                }
                              }
                            },
                            "typeArgs": [ ],
                            "interopType": {
                              "key": {
                                "object": {
                                  "key": {
                                    "base": { "key": "IPolygon" },
                                    "container": {
                                      "key": {
                                        "base": { "key": "inheritance" },
                                        "container": {
                                          "key": {
                                            "base": { "key": "glean" },
                                            "container": {
                                              "key": {
                                                "base": { "key": "facebook" },
                                                "container": {
                                                  "key": {
                                                    "base": { "key": "com" }
                                                  }
                                                }
                                              }
                                            }
                                          }
                                        }
                                      }
                                    }
                                  }
                                }
                              }
                            },
                            "span": { "start": 0, "length": 0 }
                          }
                        },
                        {
                          "key": {
                            "baseType": {
                              "object": {
                                "key": {
                                  "type": {
                                    "key": {
                                      "name": { "key": "IX" },
                                      "context": {
                                        "key": {
                                          "base": { "key": "inheritance" },
                                          "container": {
                                            "key": {
                                              "base": { "key": "glean" },
                                              "container": {
                                                "key": {
                                                  "base": { "key": "facebook" },
                                                  "container": {
                                                    "key": {
                                                      "base": { "key": "com" }
                                                    }
                                                  }
                                                }
                                              }
                                            }
                                          }
                                        }
                                      }
                                    }
                                  },
                                  "span": { "start": 177, "length": 2 }
                                }
                              }
                            },
                            "typeArgs": [ ],
                            "interopType": {
                              "key": {
                                "object": {
                                  "key": {
                                    "base": { "key": "IX" },
                                    "container": {
                                      "key": {
                                        "base": { "key": "inheritance" },
                                        "container": {
                                          "key": {
                                            "base": { "key": "glean" },
                                            "container": {
                                              "key": {
                                                "base": { "key": "facebook" },
                                                "container": {
                                                  "key": {
                                                    "base": { "key": "com" }
                                                  }
                                                }
                                              }
                                            }
                                          }
                                        }
                                      }
                                    }
                                  }
                                }
                              }
                            },
                            "span": { "start": 0, "length": 0 }
                          }
                        }
                      ],
                      "annotations": [ ],
                      "typeParams": [ ],
                      "span": { "start": 116, "length": 527 },
                      "file": {
                        "key": "fbcode/glean/lang/java-alpha/indexer/examples/java/com/facebook/glean/inheritance/Rectangle.java"
                      }
                    }
                  }
                },
                "span": { "start": 369, "length": 56 }
              }
            }
          }
        }
      },
      "annotations": {
        "java": {
          "annotations": [
            {
              "key": {
                "name": {
                  "key": {
                    "name": { "key": "Override" },
                    "context": {
                      "key": {
                        "base": { "key": "lang" },
                        "container": { "key": { "base": { "key": "java" } } }
                      }
                    }
                  }
                },
                "constructor": {
                  "key": {
                    "name": {
                      "key": {
                        "name": { "key": "Override" },
                        "context": {
                          "key": {
                            "base": { "key": "lang" },
                            "container": {
                              "key": { "base": { "key": "java" } }
                            }
                          }
                        }
                      }
                    },
                    "signature": [ ]
                  }
                },
                "span": { "start": 369, "length": 9 }
              }
            }
          ]
        }
      }
    }
  },
  {
    "key": {
      "entity": {
        "java": {
          "decl": {
            "method": {
              "key": {
                "name": {
                  "key": {
                    "name": {
                      "key": {
                        "name": { "key": "squawkA" },
                        "context": {
                          "key": {
                            "base": { "key": "Rectangle" },
                            "container": {
                              "key": {
                                "base": { "key": "inheritance" },
                                "container": {
                                  "key": {
                                    "base": { "key": "glean" },
                                    "container": {
                                      "key": {
                                        "base": { "key": "facebook" },
                                        "container": {
                                          "key": { "base": { "key": "com" } }
                                        }
                                      }
                                    }
                                  }
                                }
                              }
                            }
                          }
                        }
                      }
                    },
                    "signature": [ ]
                  }
                },
                "parameters": [ ],
                "returnType": {
                  "key": {
                    "baseType": { "primitive": { "key": { "type": "void" } } },
                    "typeArgs": [ ],
                    "interopType": { "key": { "primitive": "V" } },
                    "span": { "start": 0, "length": 0 }
                  }
                },
                "annotations": [
                  {
                    "key": {
                      "name": {
                        "key": {
                          "name": { "key": "Override" },
                          "context": {
                            "key": {
                              "base": { "key": "lang" },
                              "container": {
                                "key": { "base": { "key": "java" } }
                              }
                            }
                          }
                        }
                      },
                      "constructor": {
                        "key": {
                          "name": {
                            "key": {
                              "name": { "key": "Override" },
                              "context": {
                                "key": {
                                  "base": { "key": "lang" },
                                  "container": {
                                    "key": { "base": { "key": "java" } }
                                  }
                                }
                              }
                            }
                          },
                          "signature": [ ]
                        }
                      },
                      "span": { "start": 429, "length": 9 }
                    }
                  }
                ],
                "modifiers": [ 6 ],
                "typeParams": [ ],
                "throws_": [ ],
                "container": {
                  "class_": {
                    "key": {
                      "name": {
                        "key": {
                          "name": { "key": "Rectangle" },
                          "context": {
                            "key": {
                              "base": { "key": "inheritance" },
                              "container": {
                                "key": {
                                  "base": { "key": "glean" },
                                  "container": {
                                    "key": {
                                      "base": { "key": "facebook" },
                                      "container": {
                                        "key": { "base": { "key": "com" } }
                                      }
                                    }
                                  }
                                }
                              }
                            }
                          }
                        }
                      },
                      "modifiers": [ 6 ],
                      "extends_": {
                        "key": {
                          "baseType": {
                            "object": {
                              "key": {
                                "type": {
                                  "key": {
                                    "name": { "key": "Drawable" },
                                    "context": {
                                      "key": {
                                        "base": { "key": "inheritance" },
                                        "container": {
                                          "key": {
                                            "base": { "key": "glean" },
                                            "container": {
                                              "key": {
                                                "base": { "key": "facebook" },
                                                "container": {
                                                  "key": {
                                                    "base": { "key": "com" }
                                                  }
                                                }
                                              }
                                            }
                                          }
                                        }
                                      }
                                    }
                                  }
                                },
                                "span": { "start": 147, "length": 8 }
                              }
                            }
                          },
                          "typeArgs": [ ],
                          "interopType": {
                            "key": {
                              "object": {
                                "key": {
                                  "base": { "key": "Drawable" },
                                  "container": {
                                    "key": {
                                      "base": { "key": "inheritance" },
                                      "container": {
                                        "key": {
                                          "base": { "key": "glean" },
                                          "container": {
                                            "key": {
                                              "base": { "key": "facebook" },
                                              "container": {
                                                "key": {
                                                  "base": { "key": "com" }
                                                }
                                              }
                                            }
                                          }
                                        }
                                      }
                                    }
                                  }
                                }
                              }
                            }
                          },
                          "span": { "start": 0, "length": 0 }
                        }
                      },
                      "implements_": [
                        {
                          "key": {
                            "baseType": {
                              "object": {
                                "key": {
                                  "type": {
                                    "key": {
                                      "name": { "key": "IPolygon" },
                                      "context": {
                                        "key": {
                                          "base": { "key": "inheritance" },
                                          "container": {
                                            "key": {
                                              "base": { "key": "glean" },
                                              "container": {
                                                "key": {
                                                  "base": { "key": "facebook" },
                                                  "container": {
                                                    "key": {
                                                      "base": { "key": "com" }
                                                    }
                                                  }
                                                }
                                              }
                                            }
                                          }
                                        }
                                      }
                                    }
                                  },
                                  "span": { "start": 167, "length": 8 }
                                }
                              }
                            },
                            "typeArgs": [ ],
                            "interopType": {
                              "key": {
                                "object": {
                                  "key": {
                                    "base": { "key": "IPolygon" },
                                    "container": {
                                      "key": {
                                        "base": { "key": "inheritance" },
                                        "container": {
                                          "key": {
                                            "base": { "key": "glean" },
                                            "container": {
                                              "key": {
                                                "base": { "key": "facebook" },
                                                "container": {
                                                  "key": {
                                                    "base": { "key": "com" }
                                                  }
                                                }
                                              }
                                            }
                                          }
                                        }
                                      }
                                    }
                                  }
                                }
                              }
                            },
                            "span": { "start": 0, "length": 0 }
                          }
                        },
                        {
                          "key": {
                            "baseType": {
                              "object": {
                                "key": {
                                  "type": {
                                    "key": {
                                      "name": { "key": "IX" },
                                      "context": {
                                        "key": {
                                          "base": { "key": "inheritance" },
                                          "container": {
                                            "key": {
                                              "base": { "key": "glean" },
                                              "container": {
                                                "key": {
                                                  "base": { "key": "facebook" },
                                                  "container": {
                                                    "key": {
                                                      "base": { "key": "com" }
                                                    }
                                                  }
                                                }
                                              }
                                            }
                                          }
                                        }
                                      }
                                    }
                                  },
                                  "span": { "start": 177, "length": 2 }
                                }
                              }
                            },
                            "typeArgs": [ ],
                            "interopType": {
                              "key": {
                                "object": {
                                  "key": {
                                    "base": { "key": "IX" },
                                    "container": {
                                      "key": {
                                        "base": { "key": "inheritance" },
                                        "container": {
                                          "key": {
                                            "base": { "key": "glean" },
                                            "container": {
                                              "key": {
                                                "base": { "key": "facebook" },
                                                "container": {
                                                  "key": {
                                                    "base": { "key": "com" }
                                                  }
                                                }
                                              }
                                            }
                                          }
                                        }
                                      }
                                    }
                                  }
                                }
                              }
                            },
                            "span": { "start": 0, "length": 0 }
                          }
                        }
                      ],
                      "annotations": [ ],
                      "typeParams": [ ],
                      "span": { "start": 116, "length": 527 },
                      "file": {
                        "key": "fbcode/glean/lang/java-alpha/indexer/examples/java/com/facebook/glean/inheritance/Rectangle.java"
                      }
                    }
                  }
                },
                "span": { "start": 429, "length": 68 }
              }
            }
          }
        }
      },
      "annotations": {
        "java": {
          "annotations": [
            {
              "key": {
                "name": {
                  "key": {
                    "name": { "key": "Override" },
                    "context": {
                      "key": {
                        "base": { "key": "lang" },
                        "container": { "key": { "base": { "key": "java" } } }
                      }
                    }
                  }
                },
                "constructor": {
                  "key": {
                    "name": {
                      "key": {
                        "name": { "key": "Override" },
                        "context": {
                          "key": {
                            "base": { "key": "lang" },
                            "container": {
                              "key": { "base": { "key": "java" } }
                            }
                          }
                        }
                      }
                    },
                    "signature": [ ]
                  }
                },
                "span": { "start": 429, "length": 9 }
              }
            }
          ]
        }
      }
    }
  },
  {
    "key": {
      "entity": {
        "java": {
          "decl": {
            "method": {
              "key": {
                "name": {
                  "key": {
                    "name": {
                      "key": {
                        "name": { "key": "squawkB" },
                        "context": {
                          "key": {
                            "base": { "key": "Rectangle" },
                            "container": {
                              "key": {
                                "base": { "key": "inheritance" },
                                "container": {
                                  "key": {
                                    "base": { "key": "glean" },
                                    "container": {
                                      "key": {
                                        "base": { "key": "facebook" },
                                        "container": {
                                          "key": { "base": { "key": "com" } }
                                        }
                                      }
                                    }
                                  }
                                }
                              }
                            }
                          }
                        }
                      }
                    },
                    "signature": [ ]
                  }
                },
                "parameters": [ ],
                "returnType": {
                  "key": {
                    "baseType": { "primitive": { "key": { "type": "void" } } },
                    "typeArgs": [ ],
                    "interopType": { "key": { "primitive": "V" } },
                    "span": { "start": 0, "length": 0 }
                  }
                },
                "annotations": [
                  {
                    "key": {
                      "name": {
                        "key": {
                          "name": { "key": "Override" },
                          "context": {
                            "key": {
                              "base": { "key": "lang" },
                              "container": {
                                "key": { "base": { "key": "java" } }
                              }
                            }
                          }
                        }
                      },
                      "constructor": {
                        "key": {
                          "name": {
                            "key": {
                              "name": { "key": "Override" },
                              "context": {
                                "key": {
                                  "base": { "key": "lang" },
                                  "container": {
                                    "key": { "base": { "key": "java" } }
                                  }
                                }
                              }
                            }
                          },
                          "signature": [ ]
                        }
                      },
                      "span": { "start": 501, "length": 9 }
                    }
                  }
                ],
                "modifiers": [ 6 ],
                "typeParams": [ ],
                "throws_": [ ],
                "container": {
                  "class_": {
                    "key": {
                      "name": {
                        "key": {
                          "name": { "key": "Rectangle" },
                          "context": {
                            "key": {
                              "base": { "key": "inheritance" },
                              "container": {
                                "key": {
                                  "base": { "key": "glean" },
                                  "container": {
                                    "key": {
                                      "base": { "key": "facebook" },
                                      "container": {
                                        "key": { "base": { "key": "com" } }
                                      }
                                    }
                                  }
                                }
                              }
                            }
                          }
                        }
                      },
                      "modifiers": [ 6 ],
                      "extends_": {
                        "key": {
                          "baseType": {
                            "object": {
                              "key": {
                                "type": {
                                  "key": {
                                    "name": { "key": "Drawable" },
                                    "context": {
                                      "key": {
                                        "base": { "key": "inheritance" },
                                        "container": {
                                          "key": {
                                            "base": { "key": "glean" },
                                            "container": {
                                              "key": {
                                                "base": { "key": "facebook" },
                                                "container": {
                                                  "key": {
                                                    "base": { "key": "com" }
                                                  }
                                                }
                                              }
                                            }
                                          }
                                        }
                                      }
                                    }
                                  }
                                },
                                "span": { "start": 147, "length": 8 }
                              }
                            }
                          },
                          "typeArgs": [ ],
                          "interopType": {
                            "key": {
                              "object": {
                                "key": {
                                  "base": { "key": "Drawable" },
                                  "container": {
                                    "key": {
                                      "base": { "key": "inheritance" },
                                      "container": {
                                        "key": {
                                          "base": { "key": "glean" },
                                          "container": {
                                            "key": {
                                              "base": { "key": "facebook" },
                                              "container": {
                                                "key": {
                                                  "base": { "key": "com" }
                                                }
                                              }
                                            }
                                          }
                                        }
                                      }
                                    }
                                  }
                                }
                              }
                            }
                          },
                          "span": { "start": 0, "length": 0 }
                        }
                      },
                      "implements_": [
                        {
                          "key": {
                            "baseType": {
                              "object": {
                                "key": {
                                  "type": {
                                    "key": {
                                      "name": { "key": "IPolygon" },
                                      "context": {
                                        "key": {
                                          "base": { "key": "inheritance" },
                                          "container": {
                                            "key": {
                                              "base": { "key": "glean" },
                                              "container": {
                                                "key": {
                                                  "base": { "key": "facebook" },
                                                  "container": {
                                                    "key": {
                                                      "base": { "key": "com" }
                                                    }
                                                  }
                                                }
                                              }
                                            }
                                          }
                                        }
                                      }
                                    }
                                  },
                                  "span": { "start": 167, "length": 8 }
                                }
                              }
                            },
                            "typeArgs": [ ],
                            "interopType": {
                              "key": {
                                "object": {
                                  "key": {
                                    "base": { "key": "IPolygon" },
                                    "container": {
                                      "key": {
                                        "base": { "key": "inheritance" },
                                        "container": {
                                          "key": {
                                            "base": { "key": "glean" },
                                            "container": {
                                              "key": {
                                                "base": { "key": "facebook" },
                                                "container": {
                                                  "key": {
                                                    "base": { "key": "com" }
                                                  }
                                                }
                                              }
                                            }
                                          }
                                        }
                                      }
                                    }
                                  }
                                }
                              }
                            },
                            "span": { "start": 0, "length": 0 }
                          }
                        },
                        {
                          "key": {
                            "baseType": {
                              "object": {
                                "key": {
                                  "type": {
                                    "key": {
                                      "name": { "key": "IX" },
                                      "context": {
                                        "key": {
                                          "base": { "key": "inheritance" },
                                          "container": {
                                            "key": {
                                              "base": { "key": "glean" },
                                              "container": {
                                                "key": {
                                                  "base": { "key": "facebook" },
                                                  "container": {
                                                    "key": {
                                                      "base": { "key": "com" }
                                                    }
                                                  }
                                                }
                                              }
                                            }
                                          }
                                        }
                                      }
                                    }
                                  },
                                  "span": { "start": 177, "length": 2 }
                                }
                              }
                            },
                            "typeArgs": [ ],
                            "interopType": {
                              "key": {
                                "object": {
                                  "key": {
                                    "base": { "key": "IX" },
                                    "container": {
                                      "key": {
                                        "base": { "key": "inheritance" },
                                        "container": {
                                          "key": {
                                            "base": { "key": "glean" },
                                            "container": {
                                              "key": {
                                                "base": { "key": "facebook" },
                                                "container": {
                                                  "key": {
                                                    "base": { "key": "com" }
                                                  }
                                                }
                                              }
                                            }
                                          }
                                        }
                                      }
                                    }
                                  }
                                }
                              }
                            },
                            "span": { "start": 0, "length": 0 }
                          }
                        }
                      ],
                      "annotations": [ ],
                      "typeParams": [ ],
                      "span": { "start": 116, "length": 527 },
                      "file": {
                        "key": "fbcode/glean/lang/java-alpha/indexer/examples/java/com/facebook/glean/inheritance/Rectangle.java"
                      }
                    }
                  }
                },
                "span": { "start": 501, "length": 68 }
              }
            }
          }
        }
      },
      "annotations": {
        "java": {
          "annotations": [
            {
              "key": {
                "name": {
                  "key": {
                    "name": { "key": "Override" },
                    "context": {
                      "key": {
                        "base": { "key": "lang" },
                        "container": { "key": { "base": { "key": "java" } } }
                      }
                    }
                  }
                },
                "constructor": {
                  "key": {
                    "name": {
                      "key": {
                        "name": { "key": "Override" },
                        "context": {
                          "key": {
                            "base": { "key": "lang" },
                            "container": {
                              "key": { "base": { "key": "java" } }
                            }
                          }
                        }
                      }
                    },
                    "signature": [ ]
                  }
                },
                "span": { "start": 501, "length": 9 }
              }
            }
          ]
        }
      }
    }
  },
  {
    "key": {
      "entity": {
        "java": {
          "decl": {
            "method": {
              "key": {
                "name": {
                  "key": {
                    "name": {
                      "key": {
                        "name": { "key": "squawkX" },
                        "context": {
                          "key": {
                            "base": { "key": "Rectangle" },
                            "container": {
                              "key": {
                                "base": { "key": "inheritance" },
                                "container": {
                                  "key": {
                                    "base": { "key": "glean" },
                                    "container": {
                                      "key": {
                                        "base": { "key": "facebook" },
                                        "container": {
                                          "key": { "base": { "key": "com" } }
                                        }
                                      }
                                    }
                                  }
                                }
                              }
                            }
                          }
                        }
                      }
                    },
                    "signature": [ ]
                  }
                },
                "parameters": [ ],
                "returnType": {
                  "key": {
                    "baseType": { "primitive": { "key": { "type": "void" } } },
                    "typeArgs": [ ],
                    "interopType": { "key": { "primitive": "V" } },
                    "span": { "start": 0, "length": 0 }
                  }
                },
                "annotations": [
                  {
                    "key": {
                      "name": {
                        "key": {
                          "name": { "key": "Override" },
                          "context": {
                            "key": {
                              "base": { "key": "lang" },
                              "container": {
                                "key": { "base": { "key": "java" } }
                              }
                            }
                          }
                        }
                      },
                      "constructor": {
                        "key": {
                          "name": {
                            "key": {
                              "name": { "key": "Override" },
                              "context": {
                                "key": {
                                  "base": { "key": "lang" },
                                  "container": {
                                    "key": { "base": { "key": "java" } }
                                  }
                                }
                              }
                            }
                          },
                          "signature": [ ]
                        }
                      },
                      "span": { "start": 573, "length": 9 }
                    }
                  }
                ],
                "modifiers": [ 6 ],
                "typeParams": [ ],
                "throws_": [ ],
                "container": {
                  "class_": {
                    "key": {
                      "name": {
                        "key": {
                          "name": { "key": "Rectangle" },
                          "context": {
                            "key": {
                              "base": { "key": "inheritance" },
                              "container": {
                                "key": {
                                  "base": { "key": "glean" },
                                  "container": {
                                    "key": {
                                      "base": { "key": "facebook" },
                                      "container": {
                                        "key": { "base": { "key": "com" } }
                                      }
                                    }
                                  }
                                }
                              }
                            }
                          }
                        }
                      },
                      "modifiers": [ 6 ],
                      "extends_": {
                        "key": {
                          "baseType": {
                            "object": {
                              "key": {
                                "type": {
                                  "key": {
                                    "name": { "key": "Drawable" },
                                    "context": {
                                      "key": {
                                        "base": { "key": "inheritance" },
                                        "container": {
                                          "key": {
                                            "base": { "key": "glean" },
                                            "container": {
                                              "key": {
                                                "base": { "key": "facebook" },
                                                "container": {
                                                  "key": {
                                                    "base": { "key": "com" }
                                                  }
                                                }
                                              }
                                            }
                                          }
                                        }
                                      }
                                    }
                                  }
                                },
                                "span": { "start": 147, "length": 8 }
                              }
                            }
                          },
                          "typeArgs": [ ],
                          "interopType": {
                            "key": {
                              "object": {
                                "key": {
                                  "base": { "key": "Drawable" },
                                  "container": {
                                    "key": {
                                      "base": { "key": "inheritance" },
                                      "container": {
                                        "key": {
                                          "base": { "key": "glean" },
                                          "container": {
                                            "key": {
                                              "base": { "key": "facebook" },
                                              "container": {
                                                "key": {
                                                  "base": { "key": "com" }
                                                }
                                              }
                                            }
                                          }
                                        }
                                      }
                                    }
                                  }
                                }
                              }
                            }
                          },
                          "span": { "start": 0, "length": 0 }
                        }
                      },
                      "implements_": [
                        {
                          "key": {
                            "baseType": {
                              "object": {
                                "key": {
                                  "type": {
                                    "key": {
                                      "name": { "key": "IPolygon" },
                                      "context": {
                                        "key": {
                                          "base": { "key": "inheritance" },
                                          "container": {
                                            "key": {
                                              "base": { "key": "glean" },
                                              "container": {
                                                "key": {
                                                  "base": { "key": "facebook" },
                                                  "container": {
                                                    "key": {
                                                      "base": { "key": "com" }
                                                    }
                                                  }
                                                }
                                              }
                                            }
                                          }
                                        }
                                      }
                                    }
                                  },
                                  "span": { "start": 167, "length": 8 }
                                }
                              }
                            },
                            "typeArgs": [ ],
                            "interopType": {
                              "key": {
                                "object": {
                                  "key": {
                                    "base": { "key": "IPolygon" },
                                    "container": {
                                      "key": {
                                        "base": { "key": "inheritance" },
                                        "container": {
                                          "key": {
                                            "base": { "key": "glean" },
                                            "container": {
                                              "key": {
                                                "base": { "key": "facebook" },
                                                "container": {
                                                  "key": {
                                                    "base": { "key": "com" }
                                                  }
                                                }
                                              }
                                            }
                                          }
                                        }
                                      }
                                    }
                                  }
                                }
                              }
                            },
                            "span": { "start": 0, "length": 0 }
                          }
                        },
                        {
                          "key": {
                            "baseType": {
                              "object": {
                                "key": {
                                  "type": {
                                    "key": {
                                      "name": { "key": "IX" },
                                      "context": {
                                        "key": {
                                          "base": { "key": "inheritance" },
                                          "container": {
                                            "key": {
                                              "base": { "key": "glean" },
                                              "container": {
                                                "key": {
                                                  "base": { "key": "facebook" },
                                                  "container": {
                                                    "key": {
                                                      "base": { "key": "com" }
                                                    }
                                                  }
                                                }
                                              }
                                            }
                                          }
                                        }
                                      }
                                    }
                                  },
                                  "span": { "start": 177, "length": 2 }
                                }
                              }
                            },
                            "typeArgs": [ ],
                            "interopType": {
                              "key": {
                                "object": {
                                  "key": {
                                    "base": { "key": "IX" },
                                    "container": {
                                      "key": {
                                        "base": { "key": "inheritance" },
                                        "container": {
                                          "key": {
                                            "base": { "key": "glean" },
                                            "container": {
                                              "key": {
                                                "base": { "key": "facebook" },
                                                "container": {
                                                  "key": {
                                                    "base": { "key": "com" }
                                                  }
                                                }
                                              }
                                            }
                                          }
                                        }
                                      }
                                    }
                                  }
                                }
                              }
                            },
                            "span": { "start": 0, "length": 0 }
                          }
                        }
                      ],
                      "annotations": [ ],
                      "typeParams": [ ],
                      "span": { "start": 116, "length": 527 },
                      "file": {
                        "key": "fbcode/glean/lang/java-alpha/indexer/examples/java/com/facebook/glean/inheritance/Rectangle.java"
                      }
                    }
                  }
                },
                "span": { "start": 573, "length": 68 }
              }
            }
          }
        }
      },
      "annotations": {
        "java": {
          "annotations": [
            {
              "key": {
                "name": {
                  "key": {
                    "name": { "key": "Override" },
                    "context": {
                      "key": {
                        "base": { "key": "lang" },
                        "container": { "key": { "base": { "key": "java" } } }
                      }
                    }
                  }
                },
                "constructor": {
                  "key": {
                    "name": {
                      "key": {
                        "name": { "key": "Override" },
                        "context": {
                          "key": {
                            "base": { "key": "lang" },
                            "container": {
                              "key": { "base": { "key": "java" } }
                            }
                          }
                        }
                      }
                    },
                    "signature": [ ]
                  }
                },
                "span": { "start": 573, "length": 9 }
              }
            }
          ]
        }
      }
    }
  }
]