[
  "@generated",
  {
    "key": {
      "name": {
        "key": {
          "name": { "key": "color" },
          "context": {
            "key": {
              "base": { "key": "Rectangle" },
              "container": {
                "key": {
                  "base": { "key": "inheritance" },
                  "container": {
                    "key": {
                      "base": { "key": "glean" },
                      "container": {
                        "key": {
                          "base": { "key": "facebook" },
                          "container": { "key": { "base": { "key": "com" } } }
                        }
                      }
                    }
                  }
                }
              }
            }
          }
        }
      },
      "type": {
        "key": {
          "baseType": {
            "object": {
              "key": {
                "type": {
                  "key": {
                    "name": { "key": "String" },
                    "context": {
                      "key": {
                        "base": { "key": "lang" },
                        "container": { "key": { "base": { "key": "java" } } }
                      }
                    }
                  }
                },
                "span": { "start": 199, "length": 6 }
              }
            }
          },
          "typeArgs": [ ],
          "interopType": {
            "key": {
              "object": {
                "key": {
                  "base": { "key": "String" },
                  "container": {
                    "key": {
                      "base": { "key": "lang" },
                      "container": { "key": { "base": { "key": "java" } } }
                    }
                  }
                }
              }
            }
          },
          "span": { "start": 0, "length": 0 }
        }
      },
      "annotations": [ ],
      "modifiers": [ 2, 4 ],
      "container": {
        "class_": {
          "key": {
            "name": {
              "key": {
                "name": { "key": "Rectangle" },
                "context": {
                  "key": {
                    "base": { "key": "inheritance" },
                    "container": {
                      "key": {
                        "base": { "key": "glean" },
                        "container": {
                          "key": {
                            "base": { "key": "facebook" },
                            "container": { "key": { "base": { "key": "com" } } }
                          }
                        }
                      }
                    }
                  }
                }
              }
            },
            "modifiers": [ 6 ],
            "extends_": {
              "key": {
                "baseType": {
                  "object": {
                    "key": {
                      "type": {
                        "key": {
                          "name": { "key": "Drawable" },
                          "context": {
                            "key": {
                              "base": { "key": "inheritance" },
                              "container": {
                                "key": {
                                  "base": { "key": "glean" },
                                  "container": {
                                    "key": {
                                      "base": { "key": "facebook" },
                                      "container": {
                                        "key": { "base": { "key": "com" } }
                                      }
                                    }
                                  }
                                }
                              }
                            }
                          }
                        }
                      },
                      "span": { "start": 147, "length": 8 }
                    }
                  }
                },
                "typeArgs": [ ],
                "interopType": {
                  "key": {
                    "object": {
                      "key": {
                        "base": { "key": "Drawable" },
                        "container": {
                          "key": {
                            "base": { "key": "inheritance" },
                            "container": {
                              "key": {
                                "base": { "key": "glean" },
                                "container": {
                                  "key": {
                                    "base": { "key": "facebook" },
                                    "container": {
                                      "key": { "base": { "key": "com" } }
                                    }
                                  }
                                }
                              }
                            }
                          }
                        }
                      }
                    }
                  }
                },
                "span": { "start": 0, "length": 0 }
              }
            },
            "implements_": [
              {
                "key": {
                  "baseType": {
                    "object": {
                      "key": {
                        "type": {
                          "key": {
                            "name": { "key": "IPolygon" },
                            "context": {
                              "key": {
                                "base": { "key": "inheritance" },
                                "container": {
                                  "key": {
                                    "base": { "key": "glean" },
                                    "container": {
                                      "key": {
                                        "base": { "key": "facebook" },
                                        "container": {
                                          "key": { "base": { "key": "com" } }
                                        }
                                      }
                                    }
                                  }
                                }
                              }
                            }
                          }
                        },
                        "span": { "start": 167, "length": 8 }
                      }
                    }
                  },
                  "typeArgs": [ ],
                  "interopType": {
                    "key": {
                      "object": {
                        "key": {
                          "base": { "key": "IPolygon" },
                          "container": {
                            "key": {
                              "base": { "key": "inheritance" },
                              "container": {
                                "key": {
                                  "base": { "key": "glean" },
                                  "container": {
                                    "key": {
                                      "base": { "key": "facebook" },
                                      "container": {
                                        "key": { "base": { "key": "com" } }
                                      }
                                    }
                                  }
                                }
                              }
                            }
                          }
                        }
                      }
                    }
                  },
                  "span": { "start": 0, "length": 0 }
                }
              },
              {
                "key": {
                  "baseType": {
                    "object": {
                      "key": {
                        "type": {
                          "key": {
                            "name": { "key": "IX" },
                            "context": {
                              "key": {
                                "base": { "key": "inheritance" },
                                "container": {
                                  "key": {
                                    "base": { "key": "glean" },
                                    "container": {
                                      "key": {
                                        "base": { "key": "facebook" },
                                        "container": {
                                          "key": { "base": { "key": "com" } }
                                        }
                                      }
                                    }
                                  }
                                }
                              }
                            }
                          }
                        },
                        "span": { "start": 177, "length": 2 }
                      }
                    }
                  },
                  "typeArgs": [ ],
                  "interopType": {
                    "key": {
                      "object": {
                        "key": {
                          "base": { "key": "IX" },
                          "container": {
                            "key": {
                              "base": { "key": "inheritance" },
                              "container": {
                                "key": {
                                  "base": { "key": "glean" },
                                  "container": {
                                    "key": {
                                      "base": { "key": "facebook" },
                                      "container": {
                                        "key": { "base": { "key": "com" } }
                                      }
                                    }
                                  }
                                }
                              }
                            }
                          }
                        }
                      }
                    }
                  },
                  "span": { "start": 0, "length": 0 }
                }
              }
            ],
            "annotations": [ ],
            "typeParams": [ ],
            "span": { "start": 116, "length": 527 },
            "file": {
              "key": "fbcode/glean/lang/java-alpha/indexer/examples/java/com/facebook/glean/inheritance/Rectangle.java"
            }
          }
        }
      },
      "span": { "start": 185, "length": 27 }
    }
  },
  {
    "key": {
      "name": {
        "key": {
          "name": { "key": "name" },
          "context": {
            "key": {
              "base": { "key": "Drawable" },
              "container": {
                "key": {
                  "base": { "key": "inheritance" },
                  "container": {
                    "key": {
                      "base": { "key": "glean" },
                      "container": {
                        "key": {
                          "base": { "key": "facebook" },
                          "container": { "key": { "base": { "key": "com" } } }
                        }
                      }
                    }
                  }
                }
              }
            }
          }
        }
      },
      "type": {
        "key": {
          "baseType": {
            "object": {
              "key": {
                "type": {
                  "key": {
                    "name": { "key": "String" },
                    "context": {
                      "key": {
                        "base": { "key": "lang" },
                        "container": { "key": { "base": { "key": "java" } } }
                      }
                    }
                  }
                },
                "span": { "start": 167, "length": 6 }
              }
            }
          },
          "typeArgs": [ ],
          "interopType": {
            "key": {
              "object": {
                "key": {
                  "base": { "key": "String" },
                  "container": {
                    "key": {
                      "base": { "key": "lang" },
                      "container": { "key": { "base": { "key": "java" } } }
                    }
                  }
                }
              }
            }
          },
          "span": { "start": 0, "length": 0 }
        }
      },
      "annotations": [ ],
      "modifiers": [ 2, 5 ],
      "container": {
        "class_": {
          "key": {
            "name": {
              "key": {
                "name": { "key": "Drawable" },
                "context": {
                  "key": {
                    "base": { "key": "inheritance" },
                    "container": {
                      "key": {
                        "base": { "key": "glean" },
                        "container": {
                          "key": {
                            "base": { "key": "facebook" },
                            "container": { "key": { "base": { "key": "com" } } }
                          }
                        }
                      }
                    }
                  }
                }
              }
            },
            "modifiers": [ 0, 6 ],
            "implements_": [ ],
            "annotations": [ ],
            "typeParams": [ ],
            "span": { "start": 116, "length": 186 },
            "file": {
              "key": "fbcode/glean/lang/java-alpha/indexer/examples/java/com/facebook/glean/inheritance/Drawable.java"
            }
          }
        }
      },
      "span": { "start": 151, "length": 28 }
    }
  }
]