[
  "@generated",
  {
    "key": {
      "file": {
        "key": "fbcode/glean/lang/java-alpha/indexer/examples/java/com/facebook/glean/inheritance/Drawable.java"
      },
      "lengths": [ 74, 1, 40, 1, 33, 31, 1, 39, 22, 4, 1, 23, 27, 4, 2 ],
      "endsInNewline": true,
      "hasUnicodeOrTabs": false
    }
  },
  {
    "key": {
      "file": {
        "key": "fbcode/glean/lang/java-alpha/indexer/examples/java/com/facebook/glean/inheritance/IA.java"
      },
      "lengths": [ 74, 1, 40, 1, 22, 25, 2 ],
      "endsInNewline": true,
      "hasUnicodeOrTabs": false
    }
  },
  {
    "key": {
      "file": {
        "key": "fbcode/glean/lang/java-alpha/indexer/examples/java/com/facebook/glean/inheritance/IB.java"
      },
      "lengths": [ 74, 1, 40, 1, 22, 25, 2 ],
      "endsInNewline": true,
      "hasUnicodeOrTabs": false
    }
  },
  {
    "key": {
      "file": {
        "key": "fbcode/glean/lang/java-alpha/indexer/examples/java/com/facebook/glean/inheritance/IPolygon.java"
      },
      "lengths": [ 74, 1, 40, 1, 43, 28, 2 ],
      "endsInNewline": true,
      "hasUnicodeOrTabs": false
    }
  },
  {
    "key": {
      "file": {
        "key": "fbcode/glean/lang/java-alpha/indexer/examples/java/com/facebook/glean/inheritance/IX.java"
      },
      "lengths": [ 74, 1, 40, 1, 22, 25, 2 ],
      "endsInNewline": true,
      "hasUnicodeOrTabs": false
    }
  },
  {
    "key": {
      "file": {
        "key": "fbcode/glean/lang/java-alpha/indexer/examples/java/com/facebook/glean/inheritance/Rectangle.java"
      },
      "lengths": [
        74,
        1,
        40,
        1,
        66,
        1,
        30,
        1,
        60,
        17,
        24,
        4,
        1,
        24,
        18,
        4,
        1,
        12,
        29,
        14,
        4,
        1,
        12,
        26,
        29,
        4,
        1,
        12,
        26,
        29,
        4,
        1,
        12,
        26,
        29,
        4,
        2
      ],
      "endsInNewline": true,
      "hasUnicodeOrTabs": false
    }
  }
]