[
  "@generated",
  { "key": { "nameLowercase": "<init>", "name": { "key": "<init>" } } },
  { "key": { "nameLowercase": "color", "name": { "key": "color" } } },
  { "key": { "nameLowercase": "com", "name": { "key": "com" } } },
  {
    "key": {
      "nameLowercase": "com.facebook.glean.inheritance",
      "name": { "key": "com.facebook.glean.inheritance" }
    }
  },
  { "key": { "nameLowercase": "draw", "name": { "key": "draw" } } },
  { "key": { "nameLowercase": "drawable", "name": { "key": "Drawable" } } },
  { "key": { "nameLowercase": "facebook", "name": { "key": "facebook" } } },
  {
    "key": { "nameLowercase": "getnumsides", "name": { "key": "getNumSides" } }
  },
  { "key": { "nameLowercase": "glean", "name": { "key": "glean" } } },
  { "key": { "nameLowercase": "ia", "name": { "key": "IA" } } },
  { "key": { "nameLowercase": "ib", "name": { "key": "IB" } } },
  {
    "key": { "nameLowercase": "inheritance", "name": { "key": "inheritance" } }
  },
  { "key": { "nameLowercase": "io", "name": { "key": "io" } } },
  { "key": { "nameLowercase": "ipolygon", "name": { "key": "IPolygon" } } },
  { "key": { "nameLowercase": "ix", "name": { "key": "IX" } } },
  { "key": { "nameLowercase": "java", "name": { "key": "java" } } },
  { "key": { "nameLowercase": "lang", "name": { "key": "lang" } } },
  { "key": { "nameLowercase": "name", "name": { "key": "name" } } },
  { "key": { "nameLowercase": "override", "name": { "key": "Override" } } },
  { "key": { "nameLowercase": "paint", "name": { "key": "paint" } } },
  { "key": { "nameLowercase": "println", "name": { "key": "println" } } },
  {
    "key": { "nameLowercase": "printstream", "name": { "key": "PrintStream" } }
  },
  { "key": { "nameLowercase": "rectangle", "name": { "key": "Rectangle" } } },
  { "key": { "nameLowercase": "squawka", "name": { "key": "squawkA" } } },
  { "key": { "nameLowercase": "squawkb", "name": { "key": "squawkB" } } },
  { "key": { "nameLowercase": "squawkx", "name": { "key": "squawkX" } } },
  { "key": { "nameLowercase": "string", "name": { "key": "String" } } },
  { "key": { "nameLowercase": "super", "name": { "key": "super" } } },
  { "key": { "nameLowercase": "this", "name": { "key": "this" } } }
]