[
  "@generated",
  {
    "key": {
      "name": {
        "key": {
          "name": {
            "key": {
              "name": { "key": "<init>" },
              "context": {
                "key": {
                  "base": { "key": "Entry" },
                  "container": {
                    "key": {
                      "base": { "key": "Map" },
                      "container": {
                        "key": {
                          "base": { "key": "generics" },
                          "container": {
                            "key": {
                              "base": { "key": "glean" },
                              "container": {
                                "key": {
                                  "base": { "key": "facebook" },
                                  "container": {
                                    "key": { "base": { "key": "com" } }
                                  }
                                }
                              }
                            }
                          }
                        }
                      }
                    }
                  }
                }
              }
            }
          },
          "signature": [
            {
              "key": {
                "object": {
                  "key": {
                    "base": { "key": "Object" },
                    "container": {
                      "key": {
                        "base": { "key": "lang" },
                        "container": { "key": { "base": { "key": "java" } } }
                      }
                    }
                  }
                }
              }
            },
            {
              "key": {
                "object": {
                  "key": {
                    "base": { "key": "Object" },
                    "container": {
                      "key": {
                        "base": { "key": "lang" },
                        "container": { "key": { "base": { "key": "java" } } }
                      }
                    }
                  }
                }
              }
            }
          ]
        }
      },
      "parameters": [
        {
          "key": {
            "name": {
              "key": {
                "name": { "key": "k" },
                "context": {
                  "key": {
                    "base": { "key": "<init>" },
                    "container": {
                      "key": {
                        "base": { "key": "Entry" },
                        "container": {
                          "key": {
                            "base": { "key": "Map" },
                            "container": {
                              "key": {
                                "base": { "key": "generics" },
                                "container": {
                                  "key": {
                                    "base": { "key": "glean" },
                                    "container": {
                                      "key": {
                                        "base": { "key": "facebook" },
                                        "container": {
                                          "key": { "base": { "key": "com" } }
                                        }
                                      }
                                    }
                                  }
                                }
                              }
                            }
                          }
                        }
                      }
                    }
                  }
                }
              }
            },
            "type": {
              "key": {
                "baseType": {
                  "variable": {
                    "key": {
                      "type": { "key": "K" },
                      "span": { "start": 759, "length": 1 }
                    }
                  }
                },
                "typeArgs": [ ],
                "interopType": {
                  "key": {
                    "object": {
                      "key": {
                        "base": { "key": "Object" },
                        "container": {
                          "key": {
                            "base": { "key": "lang" },
                            "container": {
                              "key": { "base": { "key": "java" } }
                            }
                          }
                        }
                      }
                    }
                  }
                },
                "span": { "start": 0, "length": 0 }
              }
            },
            "annotations": [ ],
            "modifier": [ ],
            "span": { "start": 759, "length": 3 }
          }
        },
        {
          "key": {
            "name": {
              "key": {
                "name": { "key": "v" },
                "context": {
                  "key": {
                    "base": { "key": "<init>" },
                    "container": {
                      "key": {
                        "base": { "key": "Entry" },
                        "container": {
                          "key": {
                            "base": { "key": "Map" },
                            "container": {
                              "key": {
                                "base": { "key": "generics" },
                                "container": {
                                  "key": {
                                    "base": { "key": "glean" },
                                    "container": {
                                      "key": {
                                        "base": { "key": "facebook" },
                                        "container": {
                                          "key": { "base": { "key": "com" } }
                                        }
                                      }
                                    }
                                  }
                                }
                              }
                            }
                          }
                        }
                      }
                    }
                  }
                }
              }
            },
            "type": {
              "key": {
                "baseType": {
                  "variable": {
                    "key": {
                      "type": { "key": "V" },
                      "span": { "start": 764, "length": 1 }
                    }
                  }
                },
                "typeArgs": [ ],
                "interopType": {
                  "key": {
                    "object": {
                      "key": {
                        "base": { "key": "Object" },
                        "container": {
                          "key": {
                            "base": { "key": "lang" },
                            "container": {
                              "key": { "base": { "key": "java" } }
                            }
                          }
                        }
                      }
                    }
                  }
                },
                "span": { "start": 0, "length": 0 }
              }
            },
            "annotations": [ ],
            "modifier": [ ],
            "span": { "start": 764, "length": 3 }
          }
        }
      ],
      "annotations": [ ],
      "modifiers": [ 6 ],
      "typeParams": [ ],
      "throws_": [ ],
      "container": {
        "class_": {
          "key": {
            "name": {
              "key": {
                "name": { "key": "Entry" },
                "context": {
                  "key": {
                    "base": { "key": "Map" },
                    "container": {
                      "key": {
                        "base": { "key": "generics" },
                        "container": {
                          "key": {
                            "base": { "key": "glean" },
                            "container": {
                              "key": {
                                "base": { "key": "facebook" },
                                "container": {
                                  "key": { "base": { "key": "com" } }
                                }
                              }
                            }
                          }
                        }
                      }
                    }
                  }
                }
              }
            },
            "modifiers": [ 6 ],
            "implements_": [ ],
            "annotations": [ ],
            "container": {
              "class_": {
                "key": {
                  "name": {
                    "key": {
                      "name": { "key": "Map" },
                      "context": {
                        "key": {
                          "base": { "key": "generics" },
                          "container": {
                            "key": {
                              "base": { "key": "glean" },
                              "container": {
                                "key": {
                                  "base": { "key": "facebook" },
                                  "container": {
                                    "key": { "base": { "key": "com" } }
                                  }
                                }
                              }
                            }
                          }
                        }
                      }
                    }
                  },
                  "modifiers": [ 6 ],
                  "implements_": [ ],
                  "annotations": [ ],
                  "typeParams": [
                    {
                      "key": {
                        "name": { "key": "K" },
                        "extends_": [ ],
                        "span": { "start": 130, "length": 1 }
                      }
                    },
                    {
                      "key": {
                        "name": { "key": "V" },
                        "extends_": [ ],
                        "span": { "start": 133, "length": 1 }
                      }
                    }
                  ],
                  "span": { "start": 113, "length": 827 },
                  "file": {
                    "key": "fbcode/glean/lang/java-alpha/indexer/examples/java/com/facebook/glean/generics/Map.java"
                  }
                }
              }
            },
            "typeParams": [ ],
            "span": { "start": 676, "length": 140 },
            "file": {
              "key": "fbcode/glean/lang/java-alpha/indexer/examples/java/com/facebook/glean/generics/Map.java"
            }
          }
        }
      },
      "span": { "start": 746, "length": 66 }
    }
  }
]