[
  "@generated",
  {
    "key": {
      "file": {
        "key": "fbcode/glean/lang/java-alpha/indexer/examples/java/com/facebook/glean/generics/Main.java"
      },
      "lengths": [
        74,
        1,
        37,
        1,
        23,
        1,
        20,
        1,
        54,
        1,
        43,
        17,
        4,
        1,
        43,
        39,
        28,
        24,
        24,
        18,
        4,
        2
      ],
      "endsInNewline": true,
      "hasUnicodeOrTabs": false
    }
  },
  {
    "key": {
      "file": {
        "key": "fbcode/glean/lang/java-alpha/indexer/examples/java/com/facebook/glean/generics/Map.java"
      },
      "lengths": [
        74,
        1,
        37,
        1,
        25,
        33,
        53,
        26,
        1,
        36,
        40,
        39,
        16,
        45,
        18,
        6,
        45,
        4,
        1,
        24,
        40,
        40,
        4,
        1,
        30,
        29,
        4,
        1,
        23,
        22,
        22,
        1,
        29,
        18,
        18,
        6,
        4,
        1,
        31,
        24,
        4,
        1,
        17,
        15,
        14,
        11,
        4,
        2
      ],
      "endsInNewline": true,
      "hasUnicodeOrTabs": false
    }
  }
]