[
  "@generated",
  {
    "key": {
      "name": {
        "key": {
          "name": {
            "key": {
              "name": { "key": "get" },
              "context": {
                "key": {
                  "base": { "key": "Map" },
                  "container": {
                    "key": {
                      "base": { "key": "generics" },
                      "container": {
                        "key": {
                          "base": { "key": "glean" },
                          "container": {
                            "key": {
                              "base": { "key": "facebook" },
                              "container": {
                                "key": { "base": { "key": "com" } }
                              }
                            }
                          }
                        }
                      }
                    }
                  }
                }
              }
            }
          },
          "signature": [
            {
              "key": {
                "object": {
                  "key": {
                    "base": { "key": "Object" },
                    "container": {
                      "key": {
                        "base": { "key": "lang" },
                        "container": { "key": { "base": { "key": "java" } } }
                      }
                    }
                  }
                }
              }
            }
          ]
        }
      },
      "parameters": [
        {
          "key": {
            "name": {
              "key": {
                "name": { "key": "key" },
                "context": {
                  "key": {
                    "base": { "key": "get" },
                    "container": {
                      "key": {
                        "base": { "key": "Map" },
                        "container": {
                          "key": {
                            "base": { "key": "generics" },
                            "container": {
                              "key": {
                                "base": { "key": "glean" },
                                "container": {
                                  "key": {
                                    "base": { "key": "facebook" },
                                    "container": {
                                      "key": { "base": { "key": "com" } }
                                    }
                                  }
                                }
                              }
                            }
                          }
                        }
                      }
                    }
                  }
                }
              }
            },
            "type": {
              "key": {
                "baseType": {
                  "variable": {
                    "key": {
                      "type": { "key": "K" },
                      "span": { "start": 516, "length": 1 }
                    }
                  }
                },
                "typeArgs": [ ],
                "interopType": {
                  "key": {
                    "object": {
                      "key": {
                        "base": { "key": "Object" },
                        "container": {
                          "key": {
                            "base": { "key": "lang" },
                            "container": {
                              "key": { "base": { "key": "java" } }
                            }
                          }
                        }
                      }
                    }
                  }
                },
                "span": { "start": 0, "length": 0 }
              }
            },
            "annotations": [ ],
            "modifier": [ ],
            "span": { "start": 516, "length": 5 }
          }
        }
      ],
      "returnType": {
        "key": {
          "baseType": {
            "variable": {
              "key": {
                "type": { "key": "V" },
                "span": { "start": 510, "length": 1 }
              }
            }
          },
          "typeArgs": [ ],
          "interopType": {
            "key": {
              "object": {
                "key": {
                  "base": { "key": "Object" },
                  "container": {
                    "key": {
                      "base": { "key": "lang" },
                      "container": { "key": { "base": { "key": "java" } } }
                    }
                  }
                }
              }
            }
          },
          "span": { "start": 0, "length": 0 }
        }
      },
      "annotations": [ ],
      "modifiers": [ 6 ],
      "typeParams": [ ],
      "throws_": [ ],
      "container": {
        "class_": {
          "key": {
            "name": {
              "key": {
                "name": { "key": "Map" },
                "context": {
                  "key": {
                    "base": { "key": "generics" },
                    "container": {
                      "key": {
                        "base": { "key": "glean" },
                        "container": {
                          "key": {
                            "base": { "key": "facebook" },
                            "container": { "key": { "base": { "key": "com" } } }
                          }
                        }
                      }
                    }
                  }
                }
              }
            },
            "modifiers": [ 6 ],
            "implements_": [ ],
            "annotations": [ ],
            "typeParams": [
              {
                "key": {
                  "name": { "key": "K" },
                  "extends_": [ ],
                  "span": { "start": 130, "length": 1 }
                }
              },
              {
                "key": {
                  "name": { "key": "V" },
                  "extends_": [ ],
                  "span": { "start": 133, "length": 1 }
                }
              }
            ],
            "span": { "start": 113, "length": 827 },
            "file": {
              "key": "fbsource/fbcode/glean/lang/javaalpha/indexer/examples/java/com/facebook/glean/generics/Map.java"
            }
          }
        }
      },
      "span": { "start": 503, "length": 105 }
    }
  },
  {
    "key": {
      "name": {
        "key": {
          "name": {
            "key": {
              "name": { "key": "getMap" },
              "context": {
                "key": {
                  "base": { "key": "Foo" },
                  "container": {
                    "key": {
                      "base": { "key": "Map" },
                      "container": {
                        "key": {
                          "base": { "key": "generics" },
                          "container": {
                            "key": {
                              "base": { "key": "glean" },
                              "container": {
                                "key": {
                                  "base": { "key": "facebook" },
                                  "container": {
                                    "key": { "base": { "key": "com" } }
                                  }
                                }
                              }
                            }
                          }
                        }
                      }
                    }
                  }
                }
              }
            }
          },
          "signature": [ ]
        }
      },
      "parameters": [ ],
      "returnType": {
        "key": {
          "baseType": {
            "object": {
              "key": {
                "type": {
                  "key": {
                    "name": { "key": "Map" },
                    "context": {
                      "key": {
                        "base": { "key": "generics" },
                        "container": {
                          "key": {
                            "base": { "key": "glean" },
                            "container": {
                              "key": {
                                "base": { "key": "facebook" },
                                "container": {
                                  "key": { "base": { "key": "com" } }
                                }
                              }
                            }
                          }
                        }
                      }
                    }
                  }
                },
                "span": { "start": 853, "length": 3 }
              }
            }
          },
          "typeArgs": [
            {
              "key": {
                "type": {
                  "key": {
                    "baseType": {
                      "variable": {
                        "key": {
                          "type": { "key": "K" },
                          "span": { "start": 857, "length": 1 }
                        }
                      }
                    },
                    "typeArgs": [ ],
                    "interopType": {
                      "key": {
                        "object": {
                          "key": {
                            "base": { "key": "Object" },
                            "container": {
                              "key": {
                                "base": { "key": "lang" },
                                "container": {
                                  "key": { "base": { "key": "java" } }
                                }
                              }
                            }
                          }
                        }
                      }
                    },
                    "span": { "start": 0, "length": 0 }
                  }
                }
              }
            },
            {
              "key": {
                "type": {
                  "key": {
                    "baseType": {
                      "variable": {
                        "key": {
                          "type": { "key": "V" },
                          "span": { "start": 860, "length": 1 }
                        }
                      }
                    },
                    "typeArgs": [ ],
                    "interopType": {
                      "key": {
                        "object": {
                          "key": {
                            "base": { "key": "Object" },
                            "container": {
                              "key": {
                                "base": { "key": "lang" },
                                "container": {
                                  "key": { "base": { "key": "java" } }
                                }
                              }
                            }
                          }
                        }
                      }
                    },
                    "span": { "start": 0, "length": 0 }
                  }
                }
              }
            }
          ],
          "interopType": {
            "key": {
              "object": {
                "key": {
                  "base": { "key": "Map" },
                  "container": {
                    "key": {
                      "base": { "key": "generics" },
                      "container": {
                        "key": {
                          "base": { "key": "glean" },
                          "container": {
                            "key": {
                              "base": { "key": "facebook" },
                              "container": {
                                "key": { "base": { "key": "com" } }
                              }
                            }
                          }
                        }
                      }
                    }
                  }
                }
              }
            }
          },
          "span": { "start": 0, "length": 0 }
        }
      },
      "annotations": [ ],
      "modifiers": [ ],
      "typeParams": [ ],
      "throws_": [ ],
      "container": {
        "interface_": {
          "key": {
            "name": {
              "key": {
                "name": { "key": "Foo" },
                "context": {
                  "key": {
                    "base": { "key": "Map" },
                    "container": {
                      "key": {
                        "base": { "key": "generics" },
                        "container": {
                          "key": {
                            "base": { "key": "glean" },
                            "container": {
                              "key": {
                                "base": { "key": "facebook" },
                                "container": {
                                  "key": { "base": { "key": "com" } }
                                }
                              }
                            }
                          }
                        }
                      }
                    }
                  }
                }
              }
            },
            "annotations": [ ],
            "modifiers": [ 6 ],
            "extends_": [ ],
            "container": {
              "class_": {
                "key": {
                  "name": {
                    "key": {
                      "name": { "key": "Map" },
                      "context": {
                        "key": {
                          "base": { "key": "generics" },
                          "container": {
                            "key": {
                              "base": { "key": "glean" },
                              "container": {
                                "key": {
                                  "base": { "key": "facebook" },
                                  "container": {
                                    "key": { "base": { "key": "com" } }
                                  }
                                }
                              }
                            }
                          }
                        }
                      }
                    }
                  },
                  "modifiers": [ 6 ],
                  "implements_": [ ],
                  "annotations": [ ],
                  "typeParams": [
                    {
                      "key": {
                        "name": { "key": "K" },
                        "extends_": [ ],
                        "span": { "start": 130, "length": 1 }
                      }
                    },
                    {
                      "key": {
                        "name": { "key": "V" },
                        "extends_": [ ],
                        "span": { "start": 133, "length": 1 }
                      }
                    }
                  ],
                  "span": { "start": 113, "length": 827 },
                  "file": {
                    "key": "fbsource/fbcode/glean/lang/javaalpha/indexer/examples/java/com/facebook/glean/generics/Map.java"
                  }
                }
              }
            },
            "typeParams": [
              {
                "key": {
                  "name": { "key": "K" },
                  "extends_": [ ],
                  "span": { "start": 841, "length": 1 }
                }
              },
              {
                "key": {
                  "name": { "key": "V" },
                  "extends_": [ ],
                  "span": { "start": 844, "length": 1 }
                }
              }
            ],
            "span": { "start": 820, "length": 56 },
            "file": {
              "key": "fbsource/fbcode/glean/lang/javaalpha/indexer/examples/java/com/facebook/glean/generics/Map.java"
            }
          }
        }
      },
      "span": { "start": 853, "length": 19 }
    }
  },
  {
    "key": {
      "name": {
        "key": {
          "name": {
            "key": {
              "name": { "key": "has" },
              "context": {
                "key": {
                  "base": { "key": "Map" },
                  "container": {
                    "key": {
                      "base": { "key": "generics" },
                      "container": {
                        "key": {
                          "base": { "key": "glean" },
                          "container": {
                            "key": {
                              "base": { "key": "facebook" },
                              "container": {
                                "key": { "base": { "key": "com" } }
                              }
                            }
                          }
                        }
                      }
                    }
                  }
                }
              }
            }
          },
          "signature": [
            {
              "key": {
                "object": {
                  "key": {
                    "base": { "key": "Object" },
                    "container": {
                      "key": {
                        "base": { "key": "lang" },
                        "container": { "key": { "base": { "key": "java" } } }
                      }
                    }
                  }
                }
              }
            }
          ]
        }
      },
      "parameters": [
        {
          "key": {
            "name": {
              "key": {
                "name": { "key": "key" },
                "context": {
                  "key": {
                    "base": { "key": "has" },
                    "container": {
                      "key": {
                        "base": { "key": "Map" },
                        "container": {
                          "key": {
                            "base": { "key": "generics" },
                            "container": {
                              "key": {
                                "base": { "key": "glean" },
                                "container": {
                                  "key": {
                                    "base": { "key": "facebook" },
                                    "container": {
                                      "key": { "base": { "key": "com" } }
                                    }
                                  }
                                }
                              }
                            }
                          }
                        }
                      }
                    }
                  }
                }
              }
            },
            "type": {
              "key": {
                "baseType": {
                  "variable": {
                    "key": {
                      "type": { "key": "K" },
                      "span": { "start": 631, "length": 1 }
                    }
                  }
                },
                "typeArgs": [ ],
                "interopType": {
                  "key": {
                    "object": {
                      "key": {
                        "base": { "key": "Object" },
                        "container": {
                          "key": {
                            "base": { "key": "lang" },
                            "container": {
                              "key": { "base": { "key": "java" } }
                            }
                          }
                        }
                      }
                    }
                  }
                },
                "span": { "start": 0, "length": 0 }
              }
            },
            "annotations": [ ],
            "modifier": [ ],
            "span": { "start": 631, "length": 5 }
          }
        }
      ],
      "returnType": {
        "key": {
          "baseType": { "primitive": { "key": { "type": "boolean" } } },
          "typeArgs": [ ],
          "interopType": { "key": { "primitive": "Z" } },
          "span": { "start": 0, "length": 0 }
        }
      },
      "annotations": [ ],
      "modifiers": [ 6 ],
      "typeParams": [ ],
      "throws_": [ ],
      "container": {
        "class_": {
          "key": {
            "name": {
              "key": {
                "name": { "key": "Map" },
                "context": {
                  "key": {
                    "base": { "key": "generics" },
                    "container": {
                      "key": {
                        "base": { "key": "glean" },
                        "container": {
                          "key": {
                            "base": { "key": "facebook" },
                            "container": { "key": { "base": { "key": "com" } } }
                          }
                        }
                      }
                    }
                  }
                }
              }
            },
            "modifiers": [ 6 ],
            "implements_": [ ],
            "annotations": [ ],
            "typeParams": [
              {
                "key": {
                  "name": { "key": "K" },
                  "extends_": [ ],
                  "span": { "start": 130, "length": 1 }
                }
              },
              {
                "key": {
                  "name": { "key": "V" },
                  "extends_": [ ],
                  "span": { "start": 133, "length": 1 }
                }
              }
            ],
            "span": { "start": 113, "length": 827 },
            "file": {
              "key": "fbsource/fbcode/glean/lang/javaalpha/indexer/examples/java/com/facebook/glean/generics/Map.java"
            }
          }
        }
      },
      "span": { "start": 612, "length": 60 }
    }
  },
  {
    "key": {
      "name": {
        "key": {
          "name": {
            "key": {
              "name": { "key": "main" },
              "context": {
                "key": {
                  "base": { "key": "Main" },
                  "container": {
                    "key": {
                      "base": { "key": "generics" },
                      "container": {
                        "key": {
                          "base": { "key": "glean" },
                          "container": {
                            "key": {
                              "base": { "key": "facebook" },
                              "container": {
                                "key": { "base": { "key": "com" } }
                              }
                            }
                          }
                        }
                      }
                    }
                  }
                }
              }
            }
          },
          "signature": [
            {
              "key": {
                "array": {
                  "key": {
                    "object": {
                      "key": {
                        "base": { "key": "String" },
                        "container": {
                          "key": {
                            "base": { "key": "lang" },
                            "container": {
                              "key": { "base": { "key": "java" } }
                            }
                          }
                        }
                      }
                    }
                  }
                }
              }
            }
          ]
        }
      },
      "parameters": [
        {
          "key": {
            "name": {
              "key": {
                "name": { "key": "args" },
                "context": {
                  "key": {
                    "base": { "key": "main" },
                    "container": {
                      "key": {
                        "base": { "key": "Main" },
                        "container": {
                          "key": {
                            "base": { "key": "generics" },
                            "container": {
                              "key": {
                                "base": { "key": "glean" },
                                "container": {
                                  "key": {
                                    "base": { "key": "facebook" },
                                    "container": {
                                      "key": { "base": { "key": "com" } }
                                    }
                                  }
                                }
                              }
                            }
                          }
                        }
                      }
                    }
                  }
                }
              }
            },
            "type": {
              "key": {
                "baseType": {
                  "array": {
                    "key": {
                      "contents": {
                        "key": {
                          "baseType": {
                            "object": {
                              "key": {
                                "type": {
                                  "key": {
                                    "name": { "key": "String" },
                                    "context": {
                                      "key": {
                                        "base": { "key": "lang" },
                                        "container": {
                                          "key": { "base": { "key": "java" } }
                                        }
                                      }
                                    }
                                  }
                                },
                                "span": { "start": 304, "length": 6 }
                              }
                            }
                          },
                          "typeArgs": [ ],
                          "interopType": {
                            "key": {
                              "object": {
                                "key": {
                                  "base": { "key": "String" },
                                  "container": {
                                    "key": {
                                      "base": { "key": "lang" },
                                      "container": {
                                        "key": { "base": { "key": "java" } }
                                      }
                                    }
                                  }
                                }
                              }
                            }
                          },
                          "span": { "start": 0, "length": 0 }
                        }
                      },
                      "span": { "start": 304, "length": 8 }
                    }
                  }
                },
                "typeArgs": [ ],
                "interopType": {
                  "key": {
                    "array": {
                      "key": {
                        "object": {
                          "key": {
                            "base": { "key": "String" },
                            "container": {
                              "key": {
                                "base": { "key": "lang" },
                                "container": {
                                  "key": { "base": { "key": "java" } }
                                }
                              }
                            }
                          }
                        }
                      }
                    }
                  }
                },
                "span": { "start": 0, "length": 0 }
              }
            },
            "annotations": [ ],
            "modifier": [ ],
            "span": { "start": 304, "length": 13 }
          }
        }
      ],
      "returnType": {
        "key": {
          "baseType": { "primitive": { "key": { "type": "void" } } },
          "typeArgs": [ ],
          "interopType": { "key": { "primitive": "V" } },
          "span": { "start": 0, "length": 0 }
        }
      },
      "annotations": [ ],
      "modifiers": [ 6, 7 ],
      "typeParams": [ ],
      "throws_": [ ],
      "container": {
        "class_": {
          "key": {
            "name": {
              "key": {
                "name": { "key": "Main" },
                "context": {
                  "key": {
                    "base": { "key": "generics" },
                    "container": {
                      "key": {
                        "base": { "key": "glean" },
                        "container": {
                          "key": {
                            "base": { "key": "facebook" },
                            "container": { "key": { "base": { "key": "com" } } }
                          }
                        }
                      }
                    }
                  }
                }
              }
            },
            "modifiers": [ 6 ],
            "implements_": [ ],
            "annotations": [ ],
            "typeParams": [ ],
            "span": { "start": 137, "length": 322 },
            "file": {
              "key": "fbsource/fbcode/glean/lang/javaalpha/indexer/examples/java/com/facebook/glean/generics/Main.java"
            }
          }
        }
      },
      "span": { "start": 280, "length": 177 }
    }
  },
  {
    "key": {
      "name": {
        "key": {
          "name": {
            "key": {
              "name": { "key": "put" },
              "context": {
                "key": {
                  "base": { "key": "Map" },
                  "container": {
                    "key": {
                      "base": { "key": "generics" },
                      "container": {
                        "key": {
                          "base": { "key": "glean" },
                          "container": {
                            "key": {
                              "base": { "key": "facebook" },
                              "container": {
                                "key": { "base": { "key": "com" } }
                              }
                            }
                          }
                        }
                      }
                    }
                  }
                }
              }
            }
          },
          "signature": [
            {
              "key": {
                "object": {
                  "key": {
                    "base": { "key": "Object" },
                    "container": {
                      "key": {
                        "base": { "key": "lang" },
                        "container": { "key": { "base": { "key": "java" } } }
                      }
                    }
                  }
                }
              }
            },
            {
              "key": {
                "object": {
                  "key": {
                    "base": { "key": "Object" },
                    "container": {
                      "key": {
                        "base": { "key": "lang" },
                        "container": { "key": { "base": { "key": "java" } } }
                      }
                    }
                  }
                }
              }
            }
          ]
        }
      },
      "parameters": [
        {
          "key": {
            "name": {
              "key": {
                "name": { "key": "key" },
                "context": {
                  "key": {
                    "base": { "key": "put" },
                    "container": {
                      "key": {
                        "base": { "key": "Map" },
                        "container": {
                          "key": {
                            "base": { "key": "generics" },
                            "container": {
                              "key": {
                                "base": { "key": "glean" },
                                "container": {
                                  "key": {
                                    "base": { "key": "facebook" },
                                    "container": {
                                      "key": { "base": { "key": "com" } }
                                    }
                                  }
                                }
                              }
                            }
                          }
                        }
                      }
                    }
                  }
                }
              }
            },
            "type": {
              "key": {
                "baseType": {
                  "variable": {
                    "key": {
                      "type": { "key": "K" },
                      "span": { "start": 269, "length": 1 }
                    }
                  }
                },
                "typeArgs": [ ],
                "interopType": {
                  "key": {
                    "object": {
                      "key": {
                        "base": { "key": "Object" },
                        "container": {
                          "key": {
                            "base": { "key": "lang" },
                            "container": {
                              "key": { "base": { "key": "java" } }
                            }
                          }
                        }
                      }
                    }
                  }
                },
                "span": { "start": 0, "length": 0 }
              }
            },
            "annotations": [ ],
            "modifier": [ ],
            "span": { "start": 269, "length": 5 }
          }
        },
        {
          "key": {
            "name": {
              "key": {
                "name": { "key": "value" },
                "context": {
                  "key": {
                    "base": { "key": "put" },
                    "container": {
                      "key": {
                        "base": { "key": "Map" },
                        "container": {
                          "key": {
                            "base": { "key": "generics" },
                            "container": {
                              "key": {
                                "base": { "key": "glean" },
                                "container": {
                                  "key": {
                                    "base": { "key": "facebook" },
                                    "container": {
                                      "key": { "base": { "key": "com" } }
                                    }
                                  }
                                }
                              }
                            }
                          }
                        }
                      }
                    }
                  }
                }
              }
            },
            "type": {
              "key": {
                "baseType": {
                  "variable": {
                    "key": {
                      "type": { "key": "V" },
                      "span": { "start": 276, "length": 1 }
                    }
                  }
                },
                "typeArgs": [ ],
                "interopType": {
                  "key": {
                    "object": {
                      "key": {
                        "base": { "key": "Object" },
                        "container": {
                          "key": {
                            "base": { "key": "lang" },
                            "container": {
                              "key": { "base": { "key": "java" } }
                            }
                          }
                        }
                      }
                    }
                  }
                },
                "span": { "start": 0, "length": 0 }
              }
            },
            "annotations": [ ],
            "modifier": [ ],
            "span": { "start": 276, "length": 7 }
          }
        }
      ],
      "returnType": {
        "key": {
          "baseType": { "primitive": { "key": { "type": "void" } } },
          "typeArgs": [ ],
          "interopType": { "key": { "primitive": "V" } },
          "span": { "start": 0, "length": 0 }
        }
      },
      "annotations": [ ],
      "modifiers": [ 6 ],
      "typeParams": [ ],
      "throws_": [ ],
      "container": {
        "class_": {
          "key": {
            "name": {
              "key": {
                "name": { "key": "Map" },
                "context": {
                  "key": {
                    "base": { "key": "generics" },
                    "container": {
                      "key": {
                        "base": { "key": "glean" },
                        "container": {
                          "key": {
                            "base": { "key": "facebook" },
                            "container": { "key": { "base": { "key": "com" } } }
                          }
                        }
                      }
                    }
                  }
                }
              }
            },
            "modifiers": [ 6 ],
            "implements_": [ ],
            "annotations": [ ],
            "typeParams": [
              {
                "key": {
                  "name": { "key": "K" },
                  "extends_": [ ],
                  "span": { "start": 130, "length": 1 }
                }
              },
              {
                "key": {
                  "name": { "key": "V" },
                  "extends_": [ ],
                  "span": { "start": 133, "length": 1 }
                }
              }
            ],
            "span": { "start": 113, "length": 827 },
            "file": {
              "key": "fbsource/fbcode/glean/lang/javaalpha/indexer/examples/java/com/facebook/glean/generics/Map.java"
            }
          }
        }
      },
      "span": { "start": 253, "length": 246 }
    }
  },
  {
    "key": {
      "name": {
        "key": {
          "name": {
            "key": {
              "name": { "key": "thisReturnsAList" },
              "context": {
                "key": {
                  "base": { "key": "Main" },
                  "container": {
                    "key": {
                      "base": { "key": "generics" },
                      "container": {
                        "key": {
                          "base": { "key": "glean" },
                          "container": {
                            "key": {
                              "base": { "key": "facebook" },
                              "container": {
                                "key": { "base": { "key": "com" } }
                              }
                            }
                          }
                        }
                      }
                    }
                  }
                }
              }
            }
          },
          "signature": [ ]
        }
      },
      "parameters": [ ],
      "returnType": {
        "key": {
          "baseType": {
            "object": {
              "key": {
                "type": {
                  "key": {
                    "name": { "key": "List" },
                    "context": {
                      "key": {
                        "base": { "key": "util" },
                        "container": { "key": { "base": { "key": "java" } } }
                      }
                    }
                  }
                },
                "span": { "start": 222, "length": 4 }
              }
            }
          },
          "typeArgs": [
            {
              "key": {
                "type": {
                  "key": {
                    "baseType": {
                      "object": {
                        "key": {
                          "type": {
                            "key": {
                              "name": { "key": "String" },
                              "context": {
                                "key": {
                                  "base": { "key": "lang" },
                                  "container": {
                                    "key": { "base": { "key": "java" } }
                                  }
                                }
                              }
                            }
                          },
                          "span": { "start": 227, "length": 6 }
                        }
                      }
                    },
                    "typeArgs": [ ],
                    "interopType": {
                      "key": {
                        "object": {
                          "key": {
                            "base": { "key": "String" },
                            "container": {
                              "key": {
                                "base": { "key": "lang" },
                                "container": {
                                  "key": { "base": { "key": "java" } }
                                }
                              }
                            }
                          }
                        }
                      }
                    },
                    "span": { "start": 0, "length": 0 }
                  }
                }
              }
            }
          ],
          "interopType": {
            "key": {
              "object": {
                "key": {
                  "base": { "key": "List" },
                  "container": {
                    "key": {
                      "base": { "key": "util" },
                      "container": { "key": { "base": { "key": "java" } } }
                    }
                  }
                }
              }
            }
          },
          "span": { "start": 0, "length": 0 }
        }
      },
      "annotations": [ ],
      "modifiers": [ 6 ],
      "typeParams": [ ],
      "throws_": [ ],
      "container": {
        "class_": {
          "key": {
            "name": {
              "key": {
                "name": { "key": "Main" },
                "context": {
                  "key": {
                    "base": { "key": "generics" },
                    "container": {
                      "key": {
                        "base": { "key": "glean" },
                        "container": {
                          "key": {
                            "base": { "key": "facebook" },
                            "container": { "key": { "base": { "key": "com" } } }
                          }
                        }
                      }
                    }
                  }
                }
              }
            },
            "modifiers": [ 6 ],
            "implements_": [ ],
            "annotations": [ ],
            "typeParams": [ ],
            "span": { "start": 137, "length": 322 },
            "file": {
              "key": "fbsource/fbcode/glean/lang/javaalpha/indexer/examples/java/com/facebook/glean/generics/Main.java"
            }
          }
        }
      },
      "span": { "start": 215, "length": 61 }
    }
  }
]