[
  "@generated",
  {
    "key": {
      "file": {
        "key": "fbcode/glean/lang/java-alpha/indexer/examples/java/com/facebook/glean/glean/Glean.java"
      },
      "xref": {
        "target": {
          "name": "<init>",
          "file": {
            "key": "fbcode/glean/lang/java-alpha/indexer/examples/java/com/facebook/glean/glean/POJO.java"
          },
          "location": { "span": { "start": 484, "length": 107 } }
        },
        "source": { "span": { "start": 313, "length": 4 } }
      },
      "entity": {
        "decl": {
          "ctor": {
            "key": {
              "name": {
                "key": {
                  "name": {
                    "key": {
                      "name": { "key": "<init>" },
                      "context": {
                        "key": {
                          "base": { "key": "POJO" },
                          "container": {
                            "key": {
                              "base": { "key": "glean" },
                              "container": {
                                "key": {
                                  "base": { "key": "glean" },
                                  "container": {
                                    "key": {
                                      "base": { "key": "facebook" },
                                      "container": {
                                        "key": { "base": { "key": "com" } }
                                      }
                                    }
                                  }
                                }
                              }
                            }
                          }
                        }
                      }
                    }
                  },
                  "signature": [ ]
                }
              },
              "parameters": [ ],
              "annotations": [
                {
                  "key": {
                    "name": {
                      "key": {
                        "name": { "key": "Deprecated" },
                        "context": {
                          "key": {
                            "base": { "key": "lang" },
                            "container": {
                              "key": { "base": { "key": "java" } }
                            }
                          }
                        }
                      }
                    },
                    "constructor": {
                      "key": {
                        "name": {
                          "key": {
                            "name": { "key": "Deprecated" },
                            "context": {
                              "key": {
                                "base": { "key": "lang" },
                                "container": {
                                  "key": { "base": { "key": "java" } }
                                }
                              }
                            }
                          }
                        },
                        "signature": [ ]
                      }
                    },
                    "span": { "start": 484, "length": 11 }
                  }
                }
              ],
              "modifiers": [ 6 ],
              "typeParams": [ ],
              "throws_": [ ],
              "container": {
                "class_": {
                  "key": {
                    "name": {
                      "key": {
                        "name": { "key": "POJO" },
                        "context": {
                          "key": {
                            "base": { "key": "glean" },
                            "container": {
                              "key": {
                                "base": { "key": "glean" },
                                "container": {
                                  "key": {
                                    "base": { "key": "facebook" },
                                    "container": {
                                      "key": { "base": { "key": "com" } }
                                    }
                                  }
                                }
                              }
                            }
                          }
                        }
                      }
                    },
                    "modifiers": [ 6 ],
                    "implements_": [ ],
                    "annotations": [ ],
                    "typeParams": [ ],
                    "span": { "start": 134, "length": 898 },
                    "file": {
                      "key": "fbcode/glean/lang/java-alpha/indexer/examples/java/com/facebook/glean/glean/POJO.java"
                    }
                  }
                }
              },
              "span": { "start": 484, "length": 107 }
            }
          }
        }
      }
    }
  },
  {
    "key": {
      "file": {
        "key": "fbcode/glean/lang/java-alpha/indexer/examples/java/com/facebook/glean/glean/Glean.java"
      },
      "xref": {
        "target": {
          "name": "Glean",
          "file": {
            "key": "fbcode/glean/lang/java-alpha/indexer/examples/java/com/facebook/glean/glean/Glean.java"
          },
          "location": { "span": { "start": 142, "length": 354 } }
        },
        "source": { "span": { "start": 373, "length": 5 } }
      },
      "entity": {
        "decl": {
          "class_": {
            "key": {
              "name": {
                "key": {
                  "name": { "key": "Glean" },
                  "context": {
                    "key": {
                      "base": { "key": "glean" },
                      "container": {
                        "key": {
                          "base": { "key": "glean" },
                          "container": {
                            "key": {
                              "base": { "key": "facebook" },
                              "container": {
                                "key": { "base": { "key": "com" } }
                              }
                            }
                          }
                        }
                      }
                    }
                  }
                }
              },
              "modifiers": [ 6 ],
              "implements_": [ ],
              "annotations": [
                {
                  "key": {
                    "name": {
                      "key": {
                        "name": { "key": "Deprecated" },
                        "context": {
                          "key": {
                            "base": { "key": "lang" },
                            "container": {
                              "key": { "base": { "key": "java" } }
                            }
                          }
                        }
                      }
                    },
                    "constructor": {
                      "key": {
                        "name": {
                          "key": {
                            "name": { "key": "Deprecated" },
                            "context": {
                              "key": {
                                "base": { "key": "lang" },
                                "container": {
                                  "key": { "base": { "key": "java" } }
                                }
                              }
                            }
                          }
                        },
                        "signature": [ ]
                      }
                    },
                    "span": { "start": 142, "length": 11 }
                  }
                }
              ],
              "typeParams": [ ],
              "span": { "start": 142, "length": 354 },
              "file": {
                "key": "fbcode/glean/lang/java-alpha/indexer/examples/java/com/facebook/glean/glean/Glean.java"
              }
            }
          }
        }
      }
    }
  },
  {
    "key": {
      "file": {
        "key": "fbcode/glean/lang/java-alpha/indexer/examples/java/com/facebook/glean/glean/Glean.java"
      },
      "xref": {
        "target": {
          "name": "POJO",
          "file": {
            "key": "fbcode/glean/lang/java-alpha/indexer/examples/java/com/facebook/glean/glean/POJO.java"
          },
          "location": { "span": { "start": 134, "length": 898 } }
        },
        "source": { "span": { "start": 283, "length": 4 } }
      },
      "entity": {
        "decl": {
          "class_": {
            "key": {
              "name": {
                "key": {
                  "name": { "key": "POJO" },
                  "context": {
                    "key": {
                      "base": { "key": "glean" },
                      "container": {
                        "key": {
                          "base": { "key": "glean" },
                          "container": {
                            "key": {
                              "base": { "key": "facebook" },
                              "container": {
                                "key": { "base": { "key": "com" } }
                              }
                            }
                          }
                        }
                      }
                    }
                  }
                }
              },
              "modifiers": [ 6 ],
              "implements_": [ ],
              "annotations": [ ],
              "typeParams": [ ],
              "span": { "start": 134, "length": 898 },
              "file": {
                "key": "fbcode/glean/lang/java-alpha/indexer/examples/java/com/facebook/glean/glean/POJO.java"
              }
            }
          }
        }
      }
    }
  },
  {
    "key": {
      "file": {
        "key": "fbcode/glean/lang/java-alpha/indexer/examples/java/com/facebook/glean/glean/Glean.java"
      },
      "xref": {
        "target": {
          "name": "POJO",
          "file": {
            "key": "fbcode/glean/lang/java-alpha/indexer/examples/java/com/facebook/glean/glean/POJO.java"
          },
          "location": { "span": { "start": 134, "length": 898 } }
        },
        "source": { "span": { "start": 404, "length": 4 } }
      },
      "entity": {
        "decl": {
          "class_": {
            "key": {
              "name": {
                "key": {
                  "name": { "key": "POJO" },
                  "context": {
                    "key": {
                      "base": { "key": "glean" },
                      "container": {
                        "key": {
                          "base": { "key": "glean" },
                          "container": {
                            "key": {
                              "base": { "key": "facebook" },
                              "container": {
                                "key": { "base": { "key": "com" } }
                              }
                            }
                          }
                        }
                      }
                    }
                  }
                }
              },
              "modifiers": [ 6 ],
              "implements_": [ ],
              "annotations": [ ],
              "typeParams": [ ],
              "span": { "start": 134, "length": 898 },
              "file": {
                "key": "fbcode/glean/lang/java-alpha/indexer/examples/java/com/facebook/glean/glean/POJO.java"
              }
            }
          }
        }
      }
    }
  },
  {
    "key": {
      "file": {
        "key": "fbcode/glean/lang/java-alpha/indexer/examples/java/com/facebook/glean/glean/Glean.java"
      },
      "xref": {
        "target": {
          "name": "fetch",
          "file": {
            "key": "fbcode/glean/lang/java-alpha/indexer/examples/java/com/facebook/glean/glean/Glean.java"
          },
          "location": { "span": { "start": 227, "length": 97 } }
        },
        "source": { "span": { "start": 416, "length": 13 } }
      },
      "entity": {
        "decl": {
          "method": {
            "key": {
              "name": {
                "key": {
                  "name": {
                    "key": {
                      "name": { "key": "fetch" },
                      "context": {
                        "key": {
                          "base": { "key": "Glean" },
                          "container": {
                            "key": {
                              "base": { "key": "glean" },
                              "container": {
                                "key": {
                                  "base": { "key": "glean" },
                                  "container": {
                                    "key": {
                                      "base": { "key": "facebook" },
                                      "container": {
                                        "key": { "base": { "key": "com" } }
                                      }
                                    }
                                  }
                                }
                              }
                            }
                          }
                        }
                      }
                    }
                  },
                  "signature": [ ]
                }
              },
              "parameters": [ ],
              "returnType": {
                "key": {
                  "baseType": {
                    "object": {
                      "key": {
                        "type": {
                          "key": {
                            "name": { "key": "POJO" },
                            "context": {
                              "key": {
                                "base": { "key": "glean" },
                                "container": {
                                  "key": {
                                    "base": { "key": "glean" },
                                    "container": {
                                      "key": {
                                        "base": { "key": "facebook" },
                                        "container": {
                                          "key": { "base": { "key": "com" } }
                                        }
                                      }
                                    }
                                  }
                                }
                              }
                            }
                          }
                        },
                        "span": { "start": 283, "length": 4 }
                      }
                    }
                  },
                  "typeArgs": [ ],
                  "interopType": {
                    "key": {
                      "object": {
                        "key": {
                          "base": { "key": "POJO" },
                          "container": {
                            "key": {
                              "base": { "key": "glean" },
                              "container": {
                                "key": {
                                  "base": { "key": "glean" },
                                  "container": {
                                    "key": {
                                      "base": { "key": "facebook" },
                                      "container": {
                                        "key": { "base": { "key": "com" } }
                                      }
                                    }
                                  }
                                }
                              }
                            }
                          }
                        }
                      }
                    }
                  },
                  "span": { "start": 0, "length": 0 }
                }
              },
              "annotations": [
                {
                  "key": {
                    "name": {
                      "key": {
                        "name": { "key": "Deprecated" },
                        "context": {
                          "key": {
                            "base": { "key": "lang" },
                            "container": {
                              "key": { "base": { "key": "java" } }
                            }
                          }
                        }
                      }
                    },
                    "constructor": {
                      "key": {
                        "name": {
                          "key": {
                            "name": { "key": "Deprecated" },
                            "context": {
                              "key": {
                                "base": { "key": "lang" },
                                "container": {
                                  "key": { "base": { "key": "java" } }
                                }
                              }
                            }
                          }
                        },
                        "signature": [ ]
                      }
                    },
                    "span": { "start": 227, "length": 11 }
                  }
                },
                {
                  "key": {
                    "name": {
                      "key": {
                        "name": { "key": "SuppressWarnings" },
                        "context": {
                          "key": {
                            "base": { "key": "lang" },
                            "container": {
                              "key": { "base": { "key": "java" } }
                            }
                          }
                        }
                      }
                    },
                    "constructor": {
                      "key": {
                        "name": {
                          "key": {
                            "name": { "key": "SuppressWarnings" },
                            "context": {
                              "key": {
                                "base": { "key": "lang" },
                                "container": {
                                  "key": { "base": { "key": "java" } }
                                }
                              }
                            }
                          }
                        },
                        "signature": [ ]
                      }
                    },
                    "constant": "deprecation",
                    "span": { "start": 241, "length": 32 }
                  }
                }
              ],
              "modifiers": [ 6 ],
              "typeParams": [ ],
              "throws_": [ ],
              "container": {
                "class_": {
                  "key": {
                    "name": {
                      "key": {
                        "name": { "key": "Glean" },
                        "context": {
                          "key": {
                            "base": { "key": "glean" },
                            "container": {
                              "key": {
                                "base": { "key": "glean" },
                                "container": {
                                  "key": {
                                    "base": { "key": "facebook" },
                                    "container": {
                                      "key": { "base": { "key": "com" } }
                                    }
                                  }
                                }
                              }
                            }
                          }
                        }
                      }
                    },
                    "modifiers": [ 6 ],
                    "implements_": [ ],
                    "annotations": [
                      {
                        "key": {
                          "name": {
                            "key": {
                              "name": { "key": "Deprecated" },
                              "context": {
                                "key": {
                                  "base": { "key": "lang" },
                                  "container": {
                                    "key": { "base": { "key": "java" } }
                                  }
                                }
                              }
                            }
                          },
                          "constructor": {
                            "key": {
                              "name": {
                                "key": {
                                  "name": { "key": "Deprecated" },
                                  "context": {
                                    "key": {
                                      "base": { "key": "lang" },
                                      "container": {
                                        "key": { "base": { "key": "java" } }
                                      }
                                    }
                                  }
                                }
                              },
                              "signature": [ ]
                            }
                          },
                          "span": { "start": 142, "length": 11 }
                        }
                      }
                    ],
                    "typeParams": [ ],
                    "span": { "start": 142, "length": 354 },
                    "file": {
                      "key": "fbcode/glean/lang/java-alpha/indexer/examples/java/com/facebook/glean/glean/Glean.java"
                    }
                  }
                }
              },
              "span": { "start": 227, "length": 97 }
            }
          }
        }
      }
    }
  },
  {
    "key": {
      "file": {
        "key": "fbcode/glean/lang/java-alpha/indexer/examples/java/com/facebook/glean/glean/Glean.java"
      },
      "xref": {
        "target": {
          "name": "getE",
          "file": {
            "key": "fbcode/glean/lang/java-alpha/indexer/examples/java/com/facebook/glean/glean/POJO.java"
          },
          "location": { "span": { "start": 826, "length": 40 } }
        },
        "source": { "span": { "start": 435, "length": 11 } }
      },
      "entity": {
        "decl": {
          "method": {
            "key": {
              "name": {
                "key": {
                  "name": {
                    "key": {
                      "name": { "key": "getE" },
                      "context": {
                        "key": {
                          "base": { "key": "POJO" },
                          "container": {
                            "key": {
                              "base": { "key": "glean" },
                              "container": {
                                "key": {
                                  "base": { "key": "glean" },
                                  "container": {
                                    "key": {
                                      "base": { "key": "facebook" },
                                      "container": {
                                        "key": { "base": { "key": "com" } }
                                      }
                                    }
                                  }
                                }
                              }
                            }
                          }
                        }
                      }
                    }
                  },
                  "signature": [ ]
                }
              },
              "parameters": [ ],
              "returnType": {
                "key": {
                  "baseType": {
                    "object": {
                      "key": {
                        "type": {
                          "key": {
                            "name": { "key": "String" },
                            "context": {
                              "key": {
                                "base": { "key": "lang" },
                                "container": {
                                  "key": { "base": { "key": "java" } }
                                }
                              }
                            }
                          }
                        },
                        "span": { "start": 833, "length": 6 }
                      }
                    }
                  },
                  "typeArgs": [ ],
                  "interopType": {
                    "key": {
                      "object": {
                        "key": {
                          "base": { "key": "String" },
                          "container": {
                            "key": {
                              "base": { "key": "lang" },
                              "container": {
                                "key": { "base": { "key": "java" } }
                              }
                            }
                          }
                        }
                      }
                    }
                  },
                  "span": { "start": 0, "length": 0 }
                }
              },
              "annotations": [ ],
              "modifiers": [ 6 ],
              "typeParams": [ ],
              "throws_": [ ],
              "container": {
                "class_": {
                  "key": {
                    "name": {
                      "key": {
                        "name": { "key": "POJO" },
                        "context": {
                          "key": {
                            "base": { "key": "glean" },
                            "container": {
                              "key": {
                                "base": { "key": "glean" },
                                "container": {
                                  "key": {
                                    "base": { "key": "facebook" },
                                    "container": {
                                      "key": { "base": { "key": "com" } }
                                    }
                                  }
                                }
                              }
                            }
                          }
                        }
                      }
                    },
                    "modifiers": [ 6 ],
                    "implements_": [ ],
                    "annotations": [ ],
                    "typeParams": [ ],
                    "span": { "start": 134, "length": 898 },
                    "file": {
                      "key": "fbcode/glean/lang/java-alpha/indexer/examples/java/com/facebook/glean/glean/POJO.java"
                    }
                  }
                }
              },
              "span": { "start": 826, "length": 40 }
            }
          }
        }
      }
    }
  },
  {
    "key": {
      "file": {
        "key": "fbcode/glean/lang/java-alpha/indexer/examples/java/com/facebook/glean/glean/Glean.java"
      },
      "xref": {
        "target": {
          "name": "getE",
          "file": {
            "key": "fbcode/glean/lang/java-alpha/indexer/examples/java/com/facebook/glean/glean/POJO.java"
          },
          "location": { "span": { "start": 870, "length": 59 } }
        },
        "source": { "span": { "start": 452, "length": 13 } }
      },
      "entity": {
        "decl": {
          "method": {
            "key": {
              "name": {
                "key": {
                  "name": {
                    "key": {
                      "name": { "key": "getE" },
                      "context": {
                        "key": {
                          "base": { "key": "POJO" },
                          "container": {
                            "key": {
                              "base": { "key": "glean" },
                              "container": {
                                "key": {
                                  "base": { "key": "glean" },
                                  "container": {
                                    "key": {
                                      "base": { "key": "facebook" },
                                      "container": {
                                        "key": { "base": { "key": "com" } }
                                      }
                                    }
                                  }
                                }
                              }
                            }
                          }
                        }
                      }
                    }
                  },
                  "signature": [ { "key": { "primitive": "I" } } ]
                }
              },
              "parameters": [
                {
                  "key": {
                    "name": {
                      "key": {
                        "name": { "key": "randomArg" },
                        "context": {
                          "key": {
                            "base": { "key": "getE" },
                            "container": {
                              "key": {
                                "base": { "key": "POJO" },
                                "container": {
                                  "key": {
                                    "base": { "key": "glean" },
                                    "container": {
                                      "key": {
                                        "base": { "key": "glean" },
                                        "container": {
                                          "key": {
                                            "base": { "key": "facebook" },
                                            "container": {
                                              "key": {
                                                "base": { "key": "com" }
                                              }
                                            }
                                          }
                                        }
                                      }
                                    }
                                  }
                                }
                              }
                            }
                          }
                        }
                      }
                    },
                    "type": {
                      "key": {
                        "baseType": {
                          "primitive": { "key": { "type": "int" } }
                        },
                        "typeArgs": [ ],
                        "interopType": { "key": { "primitive": "I" } },
                        "span": { "start": 0, "length": 0 }
                      }
                    },
                    "annotations": [ ],
                    "modifier": [ 2 ],
                    "span": { "start": 889, "length": 19 }
                  }
                }
              ],
              "returnType": {
                "key": {
                  "baseType": {
                    "object": {
                      "key": {
                        "type": {
                          "key": {
                            "name": { "key": "String" },
                            "context": {
                              "key": {
                                "base": { "key": "lang" },
                                "container": {
                                  "key": { "base": { "key": "java" } }
                                }
                              }
                            }
                          }
                        },
                        "span": { "start": 877, "length": 6 }
                      }
                    }
                  },
                  "typeArgs": [ ],
                  "interopType": {
                    "key": {
                      "object": {
                        "key": {
                          "base": { "key": "String" },
                          "container": {
                            "key": {
                              "base": { "key": "lang" },
                              "container": {
                                "key": { "base": { "key": "java" } }
                              }
                            }
                          }
                        }
                      }
                    }
                  },
                  "span": { "start": 0, "length": 0 }
                }
              },
              "annotations": [ ],
              "modifiers": [ 6 ],
              "typeParams": [ ],
              "throws_": [ ],
              "container": {
                "class_": {
                  "key": {
                    "name": {
                      "key": {
                        "name": { "key": "POJO" },
                        "context": {
                          "key": {
                            "base": { "key": "glean" },
                            "container": {
                              "key": {
                                "base": { "key": "glean" },
                                "container": {
                                  "key": {
                                    "base": { "key": "facebook" },
                                    "container": {
                                      "key": { "base": { "key": "com" } }
                                    }
                                  }
                                }
                              }
                            }
                          }
                        }
                      }
                    },
                    "modifiers": [ 6 ],
                    "implements_": [ ],
                    "annotations": [ ],
                    "typeParams": [ ],
                    "span": { "start": 134, "length": 898 },
                    "file": {
                      "key": "fbcode/glean/lang/java-alpha/indexer/examples/java/com/facebook/glean/glean/POJO.java"
                    }
                  }
                }
              },
              "span": { "start": 870, "length": 59 }
            }
          }
        }
      }
    }
  },
  {
    "key": {
      "file": {
        "key": "fbcode/glean/lang/java-alpha/indexer/examples/java/com/facebook/glean/glean/Glean.java"
      },
      "xref": {
        "target": {
          "name": "getList",
          "file": {
            "key": "fbcode/glean/lang/java-alpha/indexer/examples/java/com/facebook/glean/glean/POJO.java"
          },
          "location": { "span": { "start": 720, "length": 102 } }
        },
        "source": { "span": { "start": 471, "length": 18 } }
      },
      "entity": {
        "decl": {
          "method": {
            "key": {
              "name": {
                "key": {
                  "name": {
                    "key": {
                      "name": { "key": "getList" },
                      "context": {
                        "key": {
                          "base": { "key": "POJO" },
                          "container": {
                            "key": {
                              "base": { "key": "glean" },
                              "container": {
                                "key": {
                                  "base": { "key": "glean" },
                                  "container": {
                                    "key": {
                                      "base": { "key": "facebook" },
                                      "container": {
                                        "key": { "base": { "key": "com" } }
                                      }
                                    }
                                  }
                                }
                              }
                            }
                          }
                        }
                      }
                    }
                  },
                  "signature": [
                    {
                      "key": {
                        "object": {
                          "key": {
                            "base": { "key": "List" },
                            "container": {
                              "key": {
                                "base": { "key": "util" },
                                "container": {
                                  "key": { "base": { "key": "java" } }
                                }
                              }
                            }
                          }
                        }
                      }
                    }
                  ]
                }
              },
              "parameters": [
                {
                  "key": {
                    "name": {
                      "key": {
                        "name": { "key": "clazz" },
                        "context": {
                          "key": {
                            "base": { "key": "getList" },
                            "container": {
                              "key": {
                                "base": { "key": "POJO" },
                                "container": {
                                  "key": {
                                    "base": { "key": "glean" },
                                    "container": {
                                      "key": {
                                        "base": { "key": "glean" },
                                        "container": {
                                          "key": {
                                            "base": { "key": "facebook" },
                                            "container": {
                                              "key": {
                                                "base": { "key": "com" }
                                              }
                                            }
                                          }
                                        }
                                      }
                                    }
                                  }
                                }
                              }
                            }
                          }
                        }
                      }
                    },
                    "type": {
                      "key": {
                        "baseType": {
                          "object": {
                            "key": {
                              "type": {
                                "key": {
                                  "name": { "key": "List" },
                                  "context": {
                                    "key": {
                                      "base": { "key": "util" },
                                      "container": {
                                        "key": { "base": { "key": "java" } }
                                      }
                                    }
                                  }
                                }
                              },
                              "span": { "start": 740, "length": 14 }
                            }
                          }
                        },
                        "typeArgs": [
                          {
                            "key": {
                              "wildcard": {
                                "extends_": {
                                  "key": {
                                    "baseType": {
                                      "object": {
                                        "key": {
                                          "type": {
                                            "key": {
                                              "name": { "key": "Class" },
                                              "context": {
                                                "key": {
                                                  "base": { "key": "lang" },
                                                  "container": {
                                                    "key": {
                                                      "base": { "key": "java" }
                                                    }
                                                  }
                                                }
                                              }
                                            }
                                          },
                                          "span": { "start": 765, "length": 15 }
                                        }
                                      }
                                    },
                                    "typeArgs": [ ],
                                    "interopType": {
                                      "key": {
                                        "object": {
                                          "key": {
                                            "base": { "key": "Class" },
                                            "container": {
                                              "key": {
                                                "base": { "key": "lang" },
                                                "container": {
                                                  "key": {
                                                    "base": { "key": "java" }
                                                  }
                                                }
                                              }
                                            }
                                          }
                                        }
                                      }
                                    },
                                    "span": { "start": 0, "length": 0 }
                                  }
                                }
                              }
                            }
                          }
                        ],
                        "interopType": {
                          "key": {
                            "object": {
                              "key": {
                                "base": { "key": "List" },
                                "container": {
                                  "key": {
                                    "base": { "key": "util" },
                                    "container": {
                                      "key": { "base": { "key": "java" } }
                                    }
                                  }
                                }
                              }
                            }
                          }
                        },
                        "span": { "start": 0, "length": 0 }
                      }
                    },
                    "annotations": [ ],
                    "modifier": [ ],
                    "span": { "start": 740, "length": 47 }
                  }
                }
              ],
              "returnType": {
                "key": {
                  "baseType": { "primitive": { "key": { "type": "void" } } },
                  "typeArgs": [ ],
                  "interopType": { "key": { "primitive": "V" } },
                  "span": { "start": 0, "length": 0 }
                }
              },
              "annotations": [ ],
              "modifiers": [ 6 ],
              "typeParams": [ ],
              "throws_": [ ],
              "container": {
                "class_": {
                  "key": {
                    "name": {
                      "key": {
                        "name": { "key": "POJO" },
                        "context": {
                          "key": {
                            "base": { "key": "glean" },
                            "container": {
                              "key": {
                                "base": { "key": "glean" },
                                "container": {
                                  "key": {
                                    "base": { "key": "facebook" },
                                    "container": {
                                      "key": { "base": { "key": "com" } }
                                    }
                                  }
                                }
                              }
                            }
                          }
                        }
                      }
                    },
                    "modifiers": [ 6 ],
                    "implements_": [ ],
                    "annotations": [ ],
                    "typeParams": [ ],
                    "span": { "start": 134, "length": 898 },
                    "file": {
                      "key": "fbcode/glean/lang/java-alpha/indexer/examples/java/com/facebook/glean/glean/POJO.java"
                    }
                  }
                }
              },
              "span": { "start": 720, "length": 102 }
            }
          }
        }
      }
    }
  },
  {
    "key": {
      "file": {
        "key": "fbcode/glean/lang/java-alpha/indexer/examples/java/com/facebook/glean/glean/POJO.java"
      },
      "xref": {
        "target": {
          "name": "e",
          "file": {
            "key": "fbcode/glean/lang/java-alpha/indexer/examples/java/com/facebook/glean/glean/POJO.java"
          },
          "location": { "span": { "start": 298, "length": 22 } }
        },
        "source": { "span": { "start": 860, "length": 1 } }
      },
      "entity": {
        "decl": {
          "field": {
            "key": {
              "name": {
                "key": {
                  "name": { "key": "e" },
                  "context": {
                    "key": {
                      "base": { "key": "POJO" },
                      "container": {
                        "key": {
                          "base": { "key": "glean" },
                          "container": {
                            "key": {
                              "base": { "key": "glean" },
                              "container": {
                                "key": {
                                  "base": { "key": "facebook" },
                                  "container": {
                                    "key": { "base": { "key": "com" } }
                                  }
                                }
                              }
                            }
                          }
                        }
                      }
                    }
                  }
                }
              },
              "type": {
                "key": {
                  "baseType": {
                    "object": {
                      "key": {
                        "type": {
                          "key": {
                            "name": { "key": "String" },
                            "context": {
                              "key": {
                                "base": { "key": "lang" },
                                "container": {
                                  "key": { "base": { "key": "java" } }
                                }
                              }
                            }
                          }
                        },
                        "span": { "start": 305, "length": 6 }
                      }
                    }
                  },
                  "typeArgs": [ ],
                  "interopType": {
                    "key": {
                      "object": {
                        "key": {
                          "base": { "key": "String" },
                          "container": {
                            "key": {
                              "base": { "key": "lang" },
                              "container": {
                                "key": { "base": { "key": "java" } }
                              }
                            }
                          }
                        }
                      }
                    }
                  },
                  "span": { "start": 0, "length": 0 }
                }
              },
              "annotations": [ ],
              "modifiers": [ 6 ],
              "container": {
                "class_": {
                  "key": {
                    "name": {
                      "key": {
                        "name": { "key": "POJO" },
                        "context": {
                          "key": {
                            "base": { "key": "glean" },
                            "container": {
                              "key": {
                                "base": { "key": "glean" },
                                "container": {
                                  "key": {
                                    "base": { "key": "facebook" },
                                    "container": {
                                      "key": { "base": { "key": "com" } }
                                    }
                                  }
                                }
                              }
                            }
                          }
                        }
                      }
                    },
                    "modifiers": [ 6 ],
                    "implements_": [ ],
                    "annotations": [ ],
                    "typeParams": [ ],
                    "span": { "start": 134, "length": 898 },
                    "file": {
                      "key": "fbcode/glean/lang/java-alpha/indexer/examples/java/com/facebook/glean/glean/POJO.java"
                    }
                  }
                }
              },
              "span": { "start": 298, "length": 22 }
            }
          }
        }
      }
    }
  },
  {
    "key": {
      "file": {
        "key": "fbcode/glean/lang/java-alpha/indexer/examples/java/com/facebook/glean/glean/POJO.java"
      },
      "xref": {
        "target": {
          "name": "e",
          "file": {
            "key": "fbcode/glean/lang/java-alpha/indexer/examples/java/com/facebook/glean/glean/POJO.java"
          },
          "location": { "span": { "start": 298, "length": 22 } }
        },
        "source": { "span": { "start": 923, "length": 1 } }
      },
      "entity": {
        "decl": {
          "field": {
            "key": {
              "name": {
                "key": {
                  "name": { "key": "e" },
                  "context": {
                    "key": {
                      "base": { "key": "POJO" },
                      "container": {
                        "key": {
                          "base": { "key": "glean" },
                          "container": {
                            "key": {
                              "base": { "key": "glean" },
                              "container": {
                                "key": {
                                  "base": { "key": "facebook" },
                                  "container": {
                                    "key": { "base": { "key": "com" } }
                                  }
                                }
                              }
                            }
                          }
                        }
                      }
                    }
                  }
                }
              },
              "type": {
                "key": {
                  "baseType": {
                    "object": {
                      "key": {
                        "type": {
                          "key": {
                            "name": { "key": "String" },
                            "context": {
                              "key": {
                                "base": { "key": "lang" },
                                "container": {
                                  "key": { "base": { "key": "java" } }
                                }
                              }
                            }
                          }
                        },
                        "span": { "start": 305, "length": 6 }
                      }
                    }
                  },
                  "typeArgs": [ ],
                  "interopType": {
                    "key": {
                      "object": {
                        "key": {
                          "base": { "key": "String" },
                          "container": {
                            "key": {
                              "base": { "key": "lang" },
                              "container": {
                                "key": { "base": { "key": "java" } }
                              }
                            }
                          }
                        }
                      }
                    }
                  },
                  "span": { "start": 0, "length": 0 }
                }
              },
              "annotations": [ ],
              "modifiers": [ 6 ],
              "container": {
                "class_": {
                  "key": {
                    "name": {
                      "key": {
                        "name": { "key": "POJO" },
                        "context": {
                          "key": {
                            "base": { "key": "glean" },
                            "container": {
                              "key": {
                                "base": { "key": "glean" },
                                "container": {
                                  "key": {
                                    "base": { "key": "facebook" },
                                    "container": {
                                      "key": { "base": { "key": "com" } }
                                    }
                                  }
                                }
                              }
                            }
                          }
                        }
                      }
                    },
                    "modifiers": [ 6 ],
                    "implements_": [ ],
                    "annotations": [ ],
                    "typeParams": [ ],
                    "span": { "start": 134, "length": 898 },
                    "file": {
                      "key": "fbcode/glean/lang/java-alpha/indexer/examples/java/com/facebook/glean/glean/POJO.java"
                    }
                  }
                }
              },
              "span": { "start": 298, "length": 22 }
            }
          }
        }
      }
    }
  }
]