[
  "@generated",
  {
    "key": {
      "file": {
        "key": "fbcode/glean/lang/java-alpha/indexer/examples/java/com/facebook/glean/glean/Glean.java"
      },
      "lengths": [
        74,
        1,
        34,
        1,
        12,
        21,
        1,
        48,
        1,
        14,
        35,
        24,
        23,
        4,
        1,
        43,
        31,
        31,
        17,
        19,
        24,
        4,
        2
      ],
      "endsInNewline": true,
      "hasUnicodeOrTabs": false
    }
  },
  {
    "key": {
      "file": {
        "key": "fbcode/glean/lang/java-alpha/indexer/examples/java/com/facebook/glean/glean/POJO.java"
      },
      "lengths": [
        74,
        1,
        34,
        1,
        20,
        33,
        46,
        36,
        26,
        1,
        25,
        26,
        28,
        18,
        1,
        49,
        38,
        1,
        14,
        18,
        74,
        4,
        1,
        56,
        16,
        16,
        16,
        16,
        4,
        1,
        73,
        16,
        12,
        4,
        1,
        25,
        14,
        4,
        1,
        44,
        14,
        4,
        1,
        51,
        45,
        4,
        2
      ],
      "endsInNewline": true,
      "hasUnicodeOrTabs": false
    }
  }
]