[
  "@generated",
  {
    "key": {
      "searchcase": 0,
      "name": "Glean",
      "scope": [ "facebook", "glean", "glean" ],
      "entity": {
        "java": {
          "decl": {
            "class_": {
              "key": {
                "name": {
                  "key": {
                    "name": { "key": "Glean" },
                    "context": {
                      "key": {
                        "base": { "key": "glean" },
                        "container": {
                          "key": {
                            "base": { "key": "glean" },
                            "container": {
                              "key": {
                                "base": { "key": "facebook" },
                                "container": {
                                  "key": { "base": { "key": "com" } }
                                }
                              }
                            }
                          }
                        }
                      }
                    }
                  }
                },
                "modifiers": [ 6 ],
                "implements_": [ ],
                "annotations": [
                  {
                    "key": {
                      "name": {
                        "key": {
                          "name": { "key": "Deprecated" },
                          "context": {
                            "key": {
                              "base": { "key": "lang" },
                              "container": {
                                "key": { "base": { "key": "java" } }
                              }
                            }
                          }
                        }
                      },
                      "constructor": {
                        "key": {
                          "name": {
                            "key": {
                              "name": { "key": "Deprecated" },
                              "context": {
                                "key": {
                                  "base": { "key": "lang" },
                                  "container": {
                                    "key": { "base": { "key": "java" } }
                                  }
                                }
                              }
                            }
                          },
                          "signature": [ ]
                        }
                      },
                      "span": { "start": 110, "length": 11 }
                    }
                  }
                ],
                "typeParams": [ ],
                "span": { "start": 110, "length": 354 },
                "file": {
                  "key": "fbcode/glean/lang/java-alpha/indexer/examples/java/com/facebook/glean/glean/Glean.java"
                }
              }
            }
          }
        }
      },
      "location": {
        "name": "Glean",
        "file": {
          "key": "fbcode/glean/lang/java-alpha/indexer/examples/java/com/facebook/glean/glean/Glean.java"
        },
        "location": { "span": { "start": 110, "length": 354 } }
      },
      "kind": 6,
      "language": 2
    }
  }
]