[
  "@generated",
  {
    "key": {
      "searchcase": 0,
      "name": "ClassA",
      "scope": [ "com", "facebook", "glean", "glean" ],
      "entity": {
        "kotlin": {
          "decl": {
            "class_": {
              "key": {
                "name": {
                  "key": {
                    "name": { "key": "ClassA" },
                    "context": {
                      "key": {
                        "base": { "key": "glean" },
                        "container": {
                          "key": {
                            "base": { "key": "glean" },
                            "container": {
                              "key": {
                                "base": { "key": "facebook" },
                                "container": {
                                  "key": { "base": { "key": "com" } }
                                }
                              }
                            }
                          }
                        }
                      }
                    }
                  }
                },
                "implements_": [ ],
                "location": {
                  "key": {
                    "file": {
                      "key": "fbsource/fbcode/glean/lang/kotlin/indexer/examples/java/com/facebook/glean/glean/ClassA.kt"
                    },
                    "span": { "start": 109, "length": 739 }
                  }
                }
              }
            }
          }
        }
      },
      "location": {
        "name": "ClassA",
        "file": {
          "key": "fbsource/fbcode/glean/lang/kotlin/indexer/examples/java/com/facebook/glean/glean/ClassA.kt"
        },
        "location": { "span": { "start": 109, "length": 739 } }
      },
      "kind": 6,
      "language": 13
    }
  }
]